Starting Single Run, Sweeps and Corners...

Current time: Tue May  6 23:44:43 2025 
Best design point: 1
Design specs: 
	tapeout_fullrate_tb_diffamp_selfbias_inv_1	corner	Nominal - 
	eye_randJitterLeft		3.692p
	eye_p2pJitterLeft		27.83p
	VOUTP_p2p_jitter_0.877_vth		30.79p
	VOUTP_p2p_jitter_0.9_vth		29.31p
	(VT("/I0/vo1") - VT("/I0/I4/vi"))		Error	No
	VT("/I0/Va")		Error	No
	VT("/I0/Vb")		Error	No
	VT("/I0/vo1")		Error	No
	VT("/I0/vo2")		Error	No
	eyeDiagram(VT("/I0/Va") 2e-07 3e-07 (2 * 3.33e-10) ?triggerPeriod 3.33e-10 ?autoCenter t)		Error	No
	eyeDiagram(VT("/I0/vo1") 2e-07 3e-07 (2 * 3.33e-10) ?triggerPeriod 3.33e-10 ?autoCenter t)		Error	No
Design parameters: 

Interactive.0
Number of points completed: 1
Number of simulation errors: 0
Interactive.0 completed. 
Current time: Tue May  6 23:47:07 2025 
