\o Program:		@(#)$CDS: libManager version 23.1 - CAT38 04/15/2024 12:23 (sjfdcl749) $
\o Sub version:		sub-version  p323 
\o Arguments:		-unmapped -mpssession virtuoso2228889 -mpshost eeapps01.labidm.seas.ucla.edu -masterPID 2228889 -ADVM 
\o Working Directory:	eeapps01.labidm.seas.ucla.edu:/w/home.24/home/vineelchandra99/tsmc180test/github_dir/CDR_tapeout/215D_dac
\o 64-bit offsets
\o Qt version: 		5.15.9
\o MPS virtuoso types registered: 68
\o changeWorkingDir("/w/home.24/home/vineelchandra99/tsmc180test/github_dir/CDR_tapeout/215D_dac") unnecessary.
\o ddSetForcedLib("") unnecessary.
\o Session hidden cells enabled.
\o Log file is "/w/home.24/home/vineelchandra99/tsmc180test/github_dir/CDR_tapeout/215D_dac/libManager.log".
\o Opening libManager window.
\a nrSetWindowVisibility(cdsLibManager "show")
\o MPS service: map window
\w Warning: LIB analogLib from File /w/home.24/home/vineelchandra99/tsmc180test/github_dir/CDR_tapeout/215D_dac/cds.lib Line 6 redefines
\w LIB analogLib from the same file (defined earlier.)
\o Library Manager customization server connected.
\a nrSetCurrentWindow(cdsLibManager)
\a nrResizeWindow(cdsLibManager list(8 31 1920 1017))
\a nrResizeWindow(cdsLibManager list(0 23 1920 1129))
\a nrSetCurrentWindow(cdsLibManager)
\a nrSetCurrentWindow(cdsLibManager)
\a nrSetCurrentWindow(cdsLibManager)
\a cdsLibManager->FileNewLibButton->value = t
\a nrSetWindowVisibility(NewLibShell "show")
\a nrSetCurrentWindow(NewLibShell)
\a nrSetCurrentWindow(NewLibShell->subDialog)
\a nrResizeWindow(NewLibShell list(697 268 507 559))
\a nrSetCurrentWindow(cdsLibManager)
\a nrSetWindowVisibility(cdsLibManager "hide")
\a nrResizeWindow(cdsLibManager list(0 0 1920 1129))
\a nrSetWindowVisibility(cdsLibManager "show")
\a nrSetCurrentWindow(NewLibShell)
\a nrSetCurrentWindow(NewLibShell->subDialog)
\a nrSetCurrentWindow(cdsLibManager)
\a nrResizeWindow(cdsLibManager list(0 23 1920 1129))
\a nrSetCurrentWindow(NewLibShell)
\a nrSetCurrentWindow(NewLibShell->subDialog)
\a NewLibShell->QLineEdit1->value = ""
\a NewLibShell->QLineEdit1->value = "/w/home.24/home/vineelchandra99/tsmc180test/github_dir/CDR_tapeout/215D_dac"
\a nrSetCurrentWindow(cdsLibManager)
\a nrSetWindowVisibility(cdsLibManager "hide")
\a nrResizeWindow(cdsLibManager list(0 0 1920 1129))
\a nrSetWindowVisibility(cdsLibManager "show")
\a nrSetCurrentWindow(cdsLibManager)
\a nrResizeWindow(cdsLibManager list(0 23 1920 1129))
\a cdsLibManager->FileNewLibButton->value = t
\a nrSetWindowVisibility(NewLibShell->subDialog "show")
\a nrSetCurrentWindow(NewLibShell)
\a nrSetCurrentWindow(NewLibShell->subDialog)
\a NewLibShell->newLibNameText->value = "DAC"
\a NewLibShell->newLibOKButton->value = t
\a nrSetWindowVisibility(workingDialogForm "show")
\o ERROR (CLM-283): \n\nSystem error is "No such file or directory".
\o ERROR (CLM-282): An error occurred when creating the library "DAC".\nThis can be caused by not having write permission in the directory\nspecified, or because the name you specified is not a valid\nUnix directory name. \n\nSystem error is "No such file or directory".
\a nrSetWindowVisibility(errorDialog "show")
\a nrSetCurrentWindow(errorDialog)
\w Warning: LIB analogLib from File /w/home.24/home/vineelchandra99/tsmc180test/github_dir/CDR_tapeout/215D_dac/cds.lib Line 6 redefines
\w LIB analogLib from the same file (defined earlier.)
\w Warning: '/w/home.24/home/vineelchandra99/tsmc180test/github_dir/CDR_tapeout/215D_dac/cds.lib', Line 7: Skipping: 'DAC'
\o   /w/home.24/home/vineelchandra99/tsmc180test/github_dir/CDR_tapeout/215D_dac/DAC 
\w Warning: The directory: '/w/apps4/Cadence/IC231/tools.lnx86/dfII/etc/cdslib/artist/functionalDEFINE' does not exist
\w 	but was defined in libFile '/w/home.24/home/vineelchandra99/tsmc180test/github_dir/CDR_tapeout/215D_dac/cds.lib' for Lib 'functional'.
\a nrResizeWindow(workingDialogForm list(816 481 268 133))
\a nrResizeWindow(errorDialog list(745 458 411 179))
\w Warning: LIB analogLib from File /w/home.24/home/vineelchandra99/tsmc180test/github_dir/CDR_tapeout/215D_dac/cds.lib Line 6 redefines
\w LIB analogLib from the same file (defined earlier.)
\w Warning: '/w/home.24/home/vineelchandra99/tsmc180test/github_dir/CDR_tapeout/215D_dac/cds.lib', Line 7: Skipping: 'DAC'
\o   /w/home.24/home/vineelchandra99/tsmc180test/github_dir/CDR_tapeout/215D_dac/DAC 
\w Warning: The directory: '/w/apps4/Cadence/IC231/tools.lnx86/dfII/etc/cdslib/artist/functionalDEFINE' does not exist
\w 	but was defined in libFile '/w/home.24/home/vineelchandra99/tsmc180test/github_dir/CDR_tapeout/215D_dac/cds.lib' for Lib 'functional'.
\a errorDialog->errorOkButton->value = t
\a nrSetCurrentWindow(cdsLibManager)
\a nrSetCurrentWindow(NewLibShell)
\a nrSetCurrentWindow(NewLibShell->subDialog)
\a NewLibShell->newLibApplyButton->value = t
\o Created new library "DAC" at /w/home.24/home/vineelchandra99/tsmc180test/github_dir/CDR_tapeout/215D_dac/DAC.
\w Warning: LIB analogLib from File /w/home.24/home/vineelchandra99/tsmc180test/github_dir/CDR_tapeout/215D_dac/cds.lib Line 6 redefines
\w LIB analogLib from the same file (defined earlier.)
\w Warning: '/w/home.24/home/vineelchandra99/tsmc180test/github_dir/CDR_tapeout/215D_dac/cds.lib', Line 7: Skipping: 'DAC'
\o   /w/home.24/home/vineelchandra99/tsmc180test/github_dir/CDR_tapeout/215D_dac/DAC 
\w Warning: The directory: '/w/apps4/Cadence/IC231/tools.lnx86/dfII/etc/cdslib/artist/functionalDEFINE' does not exist
\w 	but was defined in libFile '/w/home.24/home/vineelchandra99/tsmc180test/github_dir/CDR_tapeout/215D_dac/cds.lib' for Lib 'functional'.
\a nrResizeWindow(workingDialogForm list(816 481 268 133))
\w Warning: LIB analogLib from File /w/home.24/home/vineelchandra99/tsmc180test/github_dir/CDR_tapeout/215D_dac/cds.lib Line 6 redefines
\w LIB analogLib from the same file (defined earlier.)
\w Warning: '/w/home.24/home/vineelchandra99/tsmc180test/github_dir/CDR_tapeout/215D_dac/cds.lib', Line 7: Skipping: 'DAC'
\o   /w/home.24/home/vineelchandra99/tsmc180test/github_dir/CDR_tapeout/215D_dac/DAC 
\w Warning: The directory: '/w/apps4/Cadence/IC231/tools.lnx86/dfII/etc/cdslib/artist/functionalDEFINE' does not exist
\w 	but was defined in libFile '/w/home.24/home/vineelchandra99/tsmc180test/github_dir/CDR_tapeout/215D_dac/cds.lib' for Lib 'functional'.
\a nrSetCurrentWindow(NewLibShell)
\a nrSetCurrentWindow(NewLibShell->subDialog)
\a nrSetCurrentWindow(NewLibShell)
\a nrSetCurrentWindow(NewLibShell->subDialog)
\a NewLibShell->newLibOKButton->value = t
\o ERROR (CLM-287): A library by that name already exists.
\a nrSetCurrentWindow(errorDialog)
\a nrResizeWindow(errorDialog list(819 486 262 122))
\a errorDialog->errorOkButton->value = t
\a nrSetCurrentWindow(cdsLibManager)
\a nrSetCurrentWindow(NewLibShell)
\a nrSetCurrentWindow(NewLibShell->subDialog)
\a nrSetCurrentWindow(cdsLibManager)
\a cdsLibManager->libListBox->value = "DAC"
\a cdsLibManager->libLineEdit->value = "DAC"
\a lmgrLogShowPopup("mainListPopup0" 16 8 2 "DAC")
\a cdsLibManager->editDeleteButton->value = t
\a deleteForm->deleteFilterEdit->value = "*"
\a deleteForm->notDeleteFilterEdit->value = "*"
\a nrSetWindowVisibility(deleteForm "show")
\a nrSetCurrentWindow(deleteForm)
\a nrResizeWindow(deleteForm list(637 335 627 425))
\a deleteForm->deleteListBox->value = '("DAC" )
\a deleteForm->OK->value = t
\o QUESTION (CLM-199): The following 1 items are marked for deletion.  Are you sure?
\a nrSetWindowVisibility(mcMBXDLG "show")
\a nrSetCurrentWindow(mcMBXDLG)
\a nrResizeWindow(mcMBXDLG list(791 363 278 289))
\a mcMBXDLG->pushButton1->value = t
\o Deleting 1 library.
\o Deleting library "DAC".
\a nrSetCurrentWindow(deleteForm)
\a nrSetCurrentWindow(cdsLibManager)
\a nrSetCurrentWindow(workingDialogForm)
\o Deleted library 'DAC'.
\o Delete of library "DAC" succeeded.
\o Deletion of library done.
\a nrResizeWindow(workingDialogForm list(816 481 268 133))
\a cdsLibManager->libListBox->value = nil
\a cdsLibManager->libLineEdit->value = ""
\w Warning: LIB analogLib from File /w/home.24/home/vineelchandra99/tsmc180test/github_dir/CDR_tapeout/215D_dac/cds.lib Line 6 redefines
\w LIB analogLib from the same file (defined earlier.)
\w Warning: '/w/home.24/home/vineelchandra99/tsmc180test/github_dir/CDR_tapeout/215D_dac/cds.lib', Line 7: Skipping: 'DAC'
\o   /w/home.24/home/vineelchandra99/tsmc180test/github_dir/CDR_tapeout/215D_dac/DAC 
\w Warning: The directory: '/w/apps4/Cadence/IC231/tools.lnx86/dfII/etc/cdslib/artist/functionalDEFINE' does not exist
\w 	but was defined in libFile '/w/home.24/home/vineelchandra99/tsmc180test/github_dir/CDR_tapeout/215D_dac/cds.lib' for Lib 'functional'.
\a nrSetCurrentWindow(cdsLibManager)
\w Warning: LIB analogLib from File /w/home.24/home/vineelchandra99/tsmc180test/github_dir/CDR_tapeout/215D_dac/cds.lib Line 6 redefines
\w LIB analogLib from the same file (defined earlier.)
\w Warning: '/w/home.24/home/vineelchandra99/tsmc180test/github_dir/CDR_tapeout/215D_dac/cds.lib', Line 7: Skipping: 'DAC'
\o   /w/home.24/home/vineelchandra99/tsmc180test/github_dir/CDR_tapeout/215D_dac/DAC 
\w Warning: The directory: '/w/apps4/Cadence/IC231/tools.lnx86/dfII/etc/cdslib/artist/functionalDEFINE' does not exist
\w 	but was defined in libFile '/w/home.24/home/vineelchandra99/tsmc180test/github_dir/CDR_tapeout/215D_dac/cds.lib' for Lib 'functional'.
\a cdsLibManager->FileNewLibButton->value = t
\a NewLibShell->newLibNameText->value = ""
\a nrSetWindowVisibility(NewLibShell->subDialog "show")
\a nrSetCurrentWindow(NewLibShell)
\a nrSetCurrentWindow(NewLibShell->subDialog)
\a NewLibShell->newLibNameText->value = "DAC"
\a NewLibShell->newLibApplyButton->value = t
\o Created new library "DAC" at /w/home.24/home/vineelchandra99/tsmc180test/github_dir/CDR_tapeout/215D_dac/DAC.
\w Warning: LIB analogLib from File /w/home.24/home/vineelchandra99/tsmc180test/github_dir/CDR_tapeout/215D_dac/cds.lib Line 6 redefines
\w LIB analogLib from the same file (defined earlier.)
\w Warning: '/w/home.24/home/vineelchandra99/tsmc180test/github_dir/CDR_tapeout/215D_dac/cds.lib', Line 7: Skipping: 'DAC'
\o   /w/home.24/home/vineelchandra99/tsmc180test/github_dir/CDR_tapeout/215D_dac/DAC 
\w Warning: The directory: '/w/apps4/Cadence/IC231/tools.lnx86/dfII/etc/cdslib/artist/functionalDEFINE' does not exist
\w 	but was defined in libFile '/w/home.24/home/vineelchandra99/tsmc180test/github_dir/CDR_tapeout/215D_dac/cds.lib' for Lib 'functional'.
\a nrSetCurrentWindow(cdsLibManager)
\a nrResizeWindow(workingDialogForm list(816 481 268 133))
\w Warning: LIB analogLib from File /w/home.24/home/vineelchandra99/tsmc180test/github_dir/CDR_tapeout/215D_dac/cds.lib Line 6 redefines
\w LIB analogLib from the same file (defined earlier.)
\w Warning: '/w/home.24/home/vineelchandra99/tsmc180test/github_dir/CDR_tapeout/215D_dac/cds.lib', Line 7: Skipping: 'DAC'
\o   /w/home.24/home/vineelchandra99/tsmc180test/github_dir/CDR_tapeout/215D_dac/DAC 
\w Warning: The directory: '/w/apps4/Cadence/IC231/tools.lnx86/dfII/etc/cdslib/artist/functionalDEFINE' does not exist
\w 	but was defined in libFile '/w/home.24/home/vineelchandra99/tsmc180test/github_dir/CDR_tapeout/215D_dac/cds.lib' for Lib 'functional'.
\a nrSetCurrentWindow(cdsLibManager)
\a nrSetCurrentWindow(cdsLibManager)
\a NewLibShell->newLibOKButton->value = t
\a nrSetCurrentWindow(NewLibShell)
\a nrSetCurrentWindow(NewLibShell->subDialog)
\o ERROR (CLM-287): A library by that name already exists.
\a nrSetCurrentWindow(errorDialog)
\a nrResizeWindow(errorDialog list(819 486 262 122))
\a errorDialog->errorOkButton->value = t
\a nrSetCurrentWindow(cdsLibManager)
\a NewLibShell->newLibApplyButton->value = t
\a nrSetCurrentWindow(NewLibShell)
\a nrSetCurrentWindow(NewLibShell->subDialog)
\o ERROR (CLM-287): A library by that name already exists.
\a nrSetCurrentWindow(errorDialog)
\a nrResizeWindow(errorDialog list(819 486 262 122))
\a errorDialog->errorOkButton->value = t
\a nrSetCurrentWindow(cdsLibManager)
\a nrSetCurrentWindow(NewLibShell)
\a nrSetCurrentWindow(NewLibShell->subDialog)
\a nrSetCurrentWindow(cdsLibManager)
\a cdsLibManager->libListBox->value = "DAC"
\a cdsLibManager->libLineEdit->value = "DAC"
\a nrSetCurrentWindow(cdsLibManager)
\a cdsLibManager->libListBox->value = "tsmc18"
\a cdsLibManager->libLineEdit->value = "tsmc18"
\a cdsLibManager->libListBox->value = "DAC"
\a cdsLibManager->libLineEdit->value = "DAC"
\a cdsLibManager->FileNewCVButton->value = t
\a cdsLibManager->libListBox->value = nil
\a cdsLibManager->libLineEdit->value = ""
\w Warning: LIB analogLib from File /w/home.24/home/vineelchandra99/tsmc180test/github_dir/CDR_tapeout/215D_dac/cds.lib Line 6 redefines
\w LIB analogLib from the same file (defined earlier.)
\w Warning: '/w/home.24/home/vineelchandra99/tsmc180test/github_dir/CDR_tapeout/215D_dac/cds.lib', Line 7: Skipping: 'DAC'
\o   /w/home.24/home/vineelchandra99/tsmc180test/github_dir/CDR_tapeout/215D_dac/DAC 
\w Warning: The directory: '/w/apps4/Cadence/IC231/tools.lnx86/dfII/etc/cdslib/artist/functionalDEFINE' does not exist
\w 	but was defined in libFile '/w/home.24/home/vineelchandra99/tsmc180test/github_dir/CDR_tapeout/215D_dac/cds.lib' for Lib 'functional'.
\a cdsLibManager->libListBox->value = "DAC"
\a cdsLibManager->libLineEdit->value = "DAC"
\a nrSetCurrentWindow(cdsLibManager)
\a nrSetWindowVisibility(cdsLibManager "hide")
\a nrResizeWindow(cdsLibManager list(0 0 1920 1129))
\a cdsLibManager->libListBox->value = nil
\a cdsLibManager->libLineEdit->value = ""
\w Warning: LIB analogLib from File /w/home.24/home/vineelchandra99/tsmc180test/github_dir/CDR_tapeout/215D_dac/cds.lib Line 6 redefines
\w LIB analogLib from the same file (defined earlier.)
\w Warning: '/w/home.24/home/vineelchandra99/tsmc180test/github_dir/CDR_tapeout/215D_dac/cds.lib', Line 7: Skipping: 'DAC'
\o   /w/home.24/home/vineelchandra99/tsmc180test/github_dir/CDR_tapeout/215D_dac/DAC 
\w Warning: The directory: '/w/apps4/Cadence/IC231/tools.lnx86/dfII/etc/cdslib/artist/functionalDEFINE' does not exist
\w 	but was defined in libFile '/w/home.24/home/vineelchandra99/tsmc180test/github_dir/CDR_tapeout/215D_dac/cds.lib' for Lib 'functional'.
\a cdsLibManager->libListBox->value = "DAC"
\a cdsLibManager->libLineEdit->value = "DAC"
\a cdsLibManager->cellListBox->value = "diffamp"
\a cdsLibManager->cellLineEdit->value = "diffamp"
\a cdsLibManager->viewListBox->value = "schematic"
\a cdsLibManager->viewLineEdit->value = "schematic"
\a cdsLibManager->cellLineEdit->value = ""
\a cdsLibManager->cellListBox->value = nil
\a cdsLibManager->viewLineEdit->value = ""
\a cdsLibManager->viewListBox->value = nil
\a cdsLibManager->cellListBox->value = "diffamp"
\a cdsLibManager->cellLineEdit->value = "diffamp"
\a cdsLibManager->viewListBox->value = "schematic"
\a cdsLibManager->viewLineEdit->value = "schematic"
\a cdsLibManager->viewLineEdit->value = ""
\a cdsLibManager->viewListBox->value = nil
\a cdsLibManager->viewListBox->value = "schematic"
\a cdsLibManager->viewLineEdit->value = "schematic"
\a cdsLibManager->libListBox->value = nil
\a cdsLibManager->libLineEdit->value = ""
\a cdsLibManager->cellListBox->value = nil
\a cdsLibManager->viewLineEdit->value = ""
\a cdsLibManager->viewListBox->value = nil
\a cdsLibManager->cellLineEdit->value = ""
\w Warning: LIB analogLib from File /w/home.24/home/vineelchandra99/tsmc180test/github_dir/CDR_tapeout/215D_dac/cds.lib Line 6 redefines
\w LIB analogLib from the same file (defined earlier.)
\w Warning: '/w/home.24/home/vineelchandra99/tsmc180test/github_dir/CDR_tapeout/215D_dac/cds.lib', Line 7: Skipping: 'DAC'
\o   /w/home.24/home/vineelchandra99/tsmc180test/github_dir/CDR_tapeout/215D_dac/DAC 
\w Warning: The directory: '/w/apps4/Cadence/IC231/tools.lnx86/dfII/etc/cdslib/artist/functionalDEFINE' does not exist
\w 	but was defined in libFile '/w/home.24/home/vineelchandra99/tsmc180test/github_dir/CDR_tapeout/215D_dac/cds.lib' for Lib 'functional'.
\a cdsLibManager->libListBox->value = "DAC"
\a cdsLibManager->libLineEdit->value = "DAC"
\a cdsLibManager->cellListBox->value = "diffamp"
\a cdsLibManager->cellLineEdit->value = "diffamp"
\a cdsLibManager->viewListBox->value = "schematic"
\a cdsLibManager->viewLineEdit->value = "schematic"
\a cdsLibManager->cellLineEdit->value = ""
\a cdsLibManager->cellListBox->value = nil
\a cdsLibManager->viewLineEdit->value = ""
\a cdsLibManager->viewListBox->value = nil
\a cdsLibManager->cellListBox->value = "diffamp"
\a cdsLibManager->cellLineEdit->value = "diffamp"
\a cdsLibManager->viewListBox->value = "schematic"
\a cdsLibManager->viewLineEdit->value = "schematic"
\a cdsLibManager->viewLineEdit->value = ""
\a cdsLibManager->viewListBox->value = nil
\a cdsLibManager->viewListBox->value = "schematic"
\a cdsLibManager->viewLineEdit->value = "schematic"
\a cdsLibManager->viewLineEdit->value = ""
\a cdsLibManager->viewListBox->value = nil
\a cdsLibManager->viewListBox->value = "schematic"
\a cdsLibManager->viewLineEdit->value = "schematic"
\a nrSetWindowVisibility(cdsLibManager "show")
\a nrSetCurrentWindow(cdsLibManager)
\a nrResizeWindow(cdsLibManager list(0 23 1920 1129))
\a nrSetWindowVisibility(cdsLibManager "hide")
\a nrResizeWindow(cdsLibManager list(0 0 1920 1129))
\a nrSetWindowVisibility(cdsLibManager "show")
\a nrSetCurrentWindow(cdsLibManager)
\a nrResizeWindow(cdsLibManager list(0 23 1920 1129))
\a nrSetWindowVisibility(cdsLibManager "hide")
\a nrResizeWindow(cdsLibManager list(0 0 1920 1129))
\a nrSetWindowVisibility(cdsLibManager "show")
\a nrSetCurrentWindow(cdsLibManager)
\a nrResizeWindow(cdsLibManager list(0 23 1920 1129))
\a nrSetWindowVisibility(cdsLibManager "hide")
\a nrResizeWindow(cdsLibManager list(0 0 1920 1129))
\a nrSetWindowVisibility(cdsLibManager "show")
\a nrSetCurrentWindow(cdsLibManager)
\a nrResizeWindow(cdsLibManager list(0 23 1920 1129))
\a nrSetCurrentWindow(cdsLibManager)
\a nrSetWindowVisibility(cdsLibManager "hide")
\a nrResizeWindow(cdsLibManager list(0 0 1920 1129))
\a nrSetWindowVisibility(cdsLibManager "show")
\a nrSetCurrentWindow(cdsLibManager)
\a nrResizeWindow(cdsLibManager list(0 23 1920 1129))
\a nrSetCurrentWindow(cdsLibManager)
\a nrSetCurrentWindow(cdsLibManager)
\a nrSetCurrentWindow(cdsLibManager)
\a nrSetCurrentWindow(cdsLibManager)
\a nrSetCurrentWindow(cdsLibManager)
\a nrSetCurrentWindow(cdsLibManager)
\a nrSetWindowVisibility(cdsLibManager "hide")
\a nrResizeWindow(cdsLibManager list(0 0 1920 1129))
\a nrSetWindowVisibility(cdsLibManager "show")
\a nrSetCurrentWindow(cdsLibManager)
\a nrResizeWindow(cdsLibManager list(0 23 1920 1129))
\a nrSetWindowVisibility(cdsLibManager "hide")
\a nrResizeWindow(cdsLibManager list(0 0 1920 1129))
\a nrSetWindowVisibility(cdsLibManager "show")
\a nrSetCurrentWindow(cdsLibManager)
\a nrResizeWindow(cdsLibManager list(0 23 1920 1129))
\a cdsLibManager->FileNewCVButton->value = t
\a cdsLibManager->libListBox->value = nil
\a cdsLibManager->libLineEdit->value = ""
\a cdsLibManager->cellListBox->value = nil
\a cdsLibManager->viewLineEdit->value = ""
\a cdsLibManager->viewListBox->value = nil
\a cdsLibManager->cellLineEdit->value = ""
\w Warning: LIB analogLib from File /w/home.24/home/vineelchandra99/tsmc180test/github_dir/CDR_tapeout/215D_dac/cds.lib Line 6 redefines
\w LIB analogLib from the same file (defined earlier.)
\w Warning: '/w/home.24/home/vineelchandra99/tsmc180test/github_dir/CDR_tapeout/215D_dac/cds.lib', Line 7: Skipping: 'DAC'
\o   /w/home.24/home/vineelchandra99/tsmc180test/github_dir/CDR_tapeout/215D_dac/DAC 
\w Warning: The directory: '/w/apps4/Cadence/IC231/tools.lnx86/dfII/etc/cdslib/artist/functionalDEFINE' does not exist
\w 	but was defined in libFile '/w/home.24/home/vineelchandra99/tsmc180test/github_dir/CDR_tapeout/215D_dac/cds.lib' for Lib 'functional'.
\a cdsLibManager->libListBox->value = "DAC"
\a cdsLibManager->libLineEdit->value = "DAC"
\a cdsLibManager->cellListBox->value = "diffamp"
\a cdsLibManager->cellLineEdit->value = "diffamp"
\a cdsLibManager->viewListBox->value = "schematic"
\a cdsLibManager->viewLineEdit->value = "schematic"
\a cdsLibManager->cellLineEdit->value = ""
\a cdsLibManager->cellListBox->value = nil
\a cdsLibManager->viewLineEdit->value = ""
\a cdsLibManager->viewListBox->value = nil
\a cdsLibManager->cellListBox->value = "diffamp"
\a cdsLibManager->cellLineEdit->value = "diffamp"
\a cdsLibManager->viewListBox->value = "schematic"
\a cdsLibManager->viewLineEdit->value = "schematic"
\a cdsLibManager->viewLineEdit->value = ""
\a cdsLibManager->viewListBox->value = nil
\a cdsLibManager->viewListBox->value = "schematic"
\a cdsLibManager->viewLineEdit->value = "schematic"
\a cdsLibManager->viewLineEdit->value = ""
\a cdsLibManager->viewListBox->value = nil
\a cdsLibManager->viewListBox->value = "schematic"
\a cdsLibManager->viewLineEdit->value = "schematic"
\a nrSetCurrentWindow(cdsLibManager)
\a nrSetCurrentWindow(cdsLibManager)
\a nrSetWindowVisibility(cdsLibManager "hide")
\a nrResizeWindow(cdsLibManager list(0 0 1920 1129))
\a nrSetWindowVisibility(cdsLibManager "show")
\a nrSetCurrentWindow(cdsLibManager)
\a nrResizeWindow(cdsLibManager list(0 23 1920 1129))
\a nrSetWindowVisibility(cdsLibManager "hide")
\a nrResizeWindow(cdsLibManager list(0 0 1920 1129))
\a nrSetWindowVisibility(cdsLibManager "show")
\a nrSetCurrentWindow(cdsLibManager)
\a nrResizeWindow(cdsLibManager list(0 23 1920 1129))
\a cdsLibManager->FileNewCVButton->value = t
\a cdsLibManager->libListBox->value = nil
\a cdsLibManager->libLineEdit->value = ""
\a cdsLibManager->cellListBox->value = nil
\a cdsLibManager->viewLineEdit->value = ""
\a cdsLibManager->viewListBox->value = nil
\a cdsLibManager->cellLineEdit->value = ""
\w Warning: LIB analogLib from File /w/home.24/home/vineelchandra99/tsmc180test/github_dir/CDR_tapeout/215D_dac/cds.lib Line 6 redefines
\w LIB analogLib from the same file (defined earlier.)
\w Warning: '/w/home.24/home/vineelchandra99/tsmc180test/github_dir/CDR_tapeout/215D_dac/cds.lib', Line 7: Skipping: 'DAC'
\o   /w/home.24/home/vineelchandra99/tsmc180test/github_dir/CDR_tapeout/215D_dac/DAC 
\w Warning: The directory: '/w/apps4/Cadence/IC231/tools.lnx86/dfII/etc/cdslib/artist/functionalDEFINE' does not exist
\w 	but was defined in libFile '/w/home.24/home/vineelchandra99/tsmc180test/github_dir/CDR_tapeout/215D_dac/cds.lib' for Lib 'functional'.
\a cdsLibManager->libListBox->value = "DAC"
\a cdsLibManager->libLineEdit->value = "DAC"
\a cdsLibManager->cellListBox->value = "diffamp"
\a cdsLibManager->cellLineEdit->value = "diffamp"
\a cdsLibManager->viewListBox->value = "schematic"
\a cdsLibManager->viewLineEdit->value = "schematic"
\a cdsLibManager->viewLineEdit->value = ""
\a cdsLibManager->viewListBox->value = nil
\a cdsLibManager->viewListBox->value = "schematic"
\a cdsLibManager->viewLineEdit->value = "schematic"
\a nrSetCurrentWindow(cdsLibManager)
\a nrSetCurrentWindow(cdsLibManager)
\a nrSetWindowVisibility(cdsLibManager "hide")
\a _lmgrCloseIconify("cdsLibManager" 1)
\a nrSetCurrentWindow(cdsLibManager)
\a nrSetWindowVisibility(cdsLibManager "show")
\a _lmgrCloseIconify("cdsLibManager" 0)
\a nrSetWindowVisibility(cdsLibManager "hide")
\a _lmgrCloseIconify("cdsLibManager" 1)
\o MPS service: shutdown
\o libManager is exiting.
\a exit(0)
