Starting Monte Carlo Sampling...

Current time: Wed May 21 15:54:33 2025 

Variation: Mismatch
Sampling Method: Low-Discrepancy Sequence
Seed: 12345

ExplorerRun.0
Number of points completed: 500
Number of simulation errors: 0
ExplorerRun.0 completed. 
Current time: Wed May 21 15:57:49 2025 
Monte Carlo Sampling yield summary:
Number of spec values are in this yield data: 3
DAC_diffamp_1	C0 - 
	((VDC("/VOP") - VDC("/VON")) / Av):	Yield	100%
		Min -0.0183925	Max 0.0241641	Mean 1.51998e-05	Number of errors 0
DAC_diffamp_1	C0 - 
	Av:	Yield	100%
		Min 4.95935	Max 5.04538	Mean 5.00118	Number of errors 0
DAC_diffamp_1	C0 - 
	v (/VOP /VON); ac dB20(V):	Yield	0%
		Min 0	Max 0	Mean 0	Number of errors 0

DAC_diffamp_1
	Overall Yield	100%	Number of points passed	500	Total number of points	500

Estimated yield = 100% (500/500), 0 errors
Estimated yield (No opregions) = 100% (500/500)
Monte Carlo Sampling yield summary:
Number of spec values are in this yield data: 3
DAC_diffamp_1	C0 - 
	((VDC("/VOP") - VDC("/VON")) / Av):	Yield	100%
		Min -0.0183925	Max 0.0241641	Mean 1.51998e-05	Number of errors 0
DAC_diffamp_1	C0 - 
	Av:	Yield	100%
		Min 4.95935	Max 5.04538	Mean 5.00118	Number of errors 0
DAC_diffamp_1	C0 - 
	v (/VOP /VON); ac dB20(V):	Yield	0%
		Min 0	Max 0	Mean 0	Number of errors 0

DAC_diffamp_1
	Overall Yield	100%	Number of points passed	500	Total number of points	500

Estimated yield = 100% (500/500), 0 errors
Estimated yield (No opregions) = 100% (500/500)
