Starting Single Run, Sweeps and Corners...

Current time: Fri May  9 20:12:00 2025 
Best design point: 1
Design specs: 
	tapeout_fullrate_tb_top_full_chip_1	corner	Nominal - 
	eye_randJitterLeft		2.148p
	eye_p2pJitterLeft		12.11p
	VOUTP_p2p_jitter_0.877_vth		22.6p
	VOUTP_p2p_jitter_0.9_vth		21.48p
	VT("/DIN")		Error	No
	2.5_to_5u_clk_rj		3.356p
	2.5_to_5u_clk_p2p_jitter		31.18p
	2.5_to_7.5u_clk_rj		3.157p
	2.5_to_7.5u_clk_p2p_jitter		31.94p
Design parameters: 

Interactive.1
Number of points completed: 1
Number of simulation errors: 0
Interactive.1 completed. 
Current time: Fri May  9 20:54:19 2025 
