[Simulation Monitor: 89]
[2025-05-21 18:20:31.858 -0700] [PROCESS] [cadence.virtuoso.ade.simulationMonitor] - Started the simulation monitor process {"hostname": "eeapps01.labidm.seas.ucla.edu", "processid": 3131836, "logfile": "/w/home.24/home/vineelchandra99/tsmc180test/github_dir/CDR_tapeout/215D_dac/logs_vineelchandra99/logs0/Job89.log", "simulation monitor command line": "/w/apps4/Cadence/IC231/tools.lnx86/dfII/bin/64bit/spectreMonitor --davinciService DaVinciService_2228889_1747863911 --axlsession fnxSession1 -lscs 000175E1894CBE06FF0966E38F1FFC06BC4D6DEA9A1E9F6ED92177E0DA4BCC37CC3E6BEEC2129F67D0227DAAD24ECD3FC87766E3A12FFC06BC4D0ECDF4C087D9D46300001EAB -beanhost eeapps01.labidm.seas.ucla.edu -beanport 11512 -beanLogFile /w/home.24/home/vineelchandra99/tsmc180test/github_dir/CDR_tapeout/215D_dac/logs_vineelchandra99/logs0/amps_Job89.log -beanbinlog  --domain 0 --interactive yes --netlistOpt no --useMultiPointEvaluation yes --exprEvalShowJobStderr yes --evalSimParallel no --maxSims 0 --historyName ExplorerRun.0 --historyUUID  --exprEvaluator vds --mcMapping mc1.mapping --checkLogStatusInterval 0 --checkSimulatorLogTimeout 1200 --exprEvalMaxTries 3 --maxNFSSyncWait 60 -adeBrokerAddress eeapps01.labidm.seas.ucla.edu:44077 --statdbType h5v2 --fromADE true --virtuosoBinary unset libFlag; virtuoso --guiDisplay localhost:19.0 --globalStatus 60 --evaluateMultiMC yes --evalOnSimFail SkipFailedAnalyses --numRetriesOnError 1 --fenixMode explorer --lingertimeout 300 -ahdlLockTimeout 60 --sdbLib DAC --sdbCell ideal_dac --sdbView maestro --heartBeatFileDir /dev/shm --id 89 --uuid b25d30a3-6a8e-47d0-a498-ff6559766050 --log /w/home.24/home/vineelchandra99/tsmc180test/github_dir/CDR_tapeout/215D_dac/logs_vineelchandra99/logs0/Job89.log "}
[2025-05-21 18:20:31.858 -0700] [PROCESS] [cadence.virtuoso.ade.simulationMonitor] - Started the simulation monitor process {"hostname": "eeapps01.labidm.seas.ucla.edu", "processid": 3131836, "logfile": "/w/home.24/home/vineelchandra99/tsmc180test/github_dir/CDR_tapeout/215D_dac/logs_vineelchandra99/logs0/Job89.log", "current directory": "/w/home.24/home/vineelchandra99/tsmc180test/github_dir/CDR_tapeout/215D_dac"}
[2025-05-21 18:20:31.858 -0700] [PROCESS] [cadence.virtuoso.ade.simulationMonitor] - Simulation Monitor has successfully started up. Trying to set up communication channels to other components ... {"hostname": "eeapps01.labidm.seas.ucla.edu", "processid": 3131836, "logfile": "/w/home.24/home/vineelchandra99/tsmc180test/github_dir/CDR_tapeout/215D_dac/logs_vineelchandra99/logs0/Job89.log"}
[2025-05-21 18:20:31.859 -0700] [PROCESS] [cadence.virtuoso.ade.simulationMonitor] - Communication channels have been successfully set up. Start processing events ... {"hostname": "eeapps01.labidm.seas.ucla.edu", "processid": 3131836, "logfile": "/w/home.24/home/vineelchandra99/tsmc180test/github_dir/CDR_tapeout/215D_dac/logs_vineelchandra99/logs0/Job89.log"}
[2025-05-21 18:20:31.859 -0700] [PROCESS] [cadence.virtuoso.ade.simulationMonitor] - Considering to start history {"hostname": "eeapps01.labidm.seas.ucla.edu", "processid": 3131836, "history": "ExplorerRun.0", "logfile": "/w/home.24/home/vineelchandra99/tsmc180test/github_dir/CDR_tapeout/215D_dac/logs_vineelchandra99/logs0/Job89.log"}
[2025-05-21 18:20:31.861 -0700] [PROCESS] [cadence.virtuoso.ade.simulationMonitor] - HostInfo:
Host name (type):	eeapps01.labidm.seas.ucla.edu (x86_64)
Operating system:	Linux 4.18.0-553.22.1.el8_10.x86_64 #1 SMP Wed Sep 11 18:02:00 EDT 2024 {"hostname": "eeapps01.labidm.seas.ucla.edu", "processid": 3131836, "history": "ExplorerRun.0", "logfile": "/w/home.24/home/vineelchandra99/tsmc180test/github_dir/CDR_tapeout/215D_dac/logs_vineelchandra99/logs0/Job89.log", "nodename": "eeapps01.labidm.seas.ucla.edu", "domainname": "labidm.seas.ucla.edu", "machine": "x86_64", "sysname": "Linux", "release": "4.18.0-553.22.1.el8_10.x86_64", "version": "#1 SMP Wed Sep 11 18:02:00 EDT 2024"}
[2025-05-21 18:20:31.861 -0700] [PROCESS] [cadence.virtuoso.ade.simulationMonitor] - UsageInfo:
pid=3131836
totalPhysicalMemory=62.293663GB,Used=61.964489GB,totalVirtualMemory=70.293659GB,Used=68.896152GB
Cpu: Cores=32, Load average:10.750000,9.160000,8.770000 {"hostname": "eeapps01.labidm.seas.ucla.edu", "processid": 3131836, "history": "ExplorerRun.0", "logfile": "/w/home.24/home/vineelchandra99/tsmc180test/github_dir/CDR_tapeout/215D_dac/logs_vineelchandra99/logs0/Job89.log", "pid": "3131836", "totalPhysicalMemory": "62.293663", "physicalMemoryUsed": "61.964489", "totalVirtualMemory": "70.293659", "virtualMemoryUsed": "68.896152", "cpuCores": "32", "processes": "1919", "loadAverage1": "10.750000", "loadAverage5": "9.160000", "loadAverage15": "8.770000", "loadAverage1Percent": "0.335938"}
[2025-05-21 18:20:31.865 -0700] [EVENT] [cadence.virtuoso.ade.simulationMonitor] - NewPoint {"history": "ExplorerRun.0", "point": 1, "testname": "DAC_ideal_dac_1", "cornername": "Nominal", "event": "NewPoint", "EventSource": "Simulation Monitor", "HistoryName": "ExplorerRun.0", "logFile": "/w/home.24/home/vineelchandra99/tsmc180test/github_dir/CDR_tapeout/215D_dac/logs_vineelchandra99/logs0/Job89.log", "logFileSize": "4753", "category": "simulation"}
[2025-05-21 18:20:31.966 -0700] [EVENT] [cadence.virtuoso.ade.simulationMonitor] - NewPoint {"history": "ExplorerRun.0", "point": 1, "testname": "DAC_ideal_dac_1", "cornername": "Nominal", "event": "NewPoint", "EventSource": "spectre", "HistoryName": "ExplorerRun.0", "logFile": "/w/home.24/home/vineelchandra99/simulation/DAC/ideal_dac/maestro/results/maestro/ExplorerRun.0/1/DAC_ideal_dac_1/psf/spectre.out", "logFileSize": "-1", "category": "simulation"}
[2025-05-21 18:20:32.120 -0700] [PROCESS] [cadence.virtuoso.ade.simulationMonitor] - Simulator launched {"hostname": "eeapps01.labidm.seas.ucla.edu", "processid": 3131836, "history": "ExplorerRun.0", "testname": "DAC_ideal_dac_1", "cornername": "Nominal", "point": 1, "logfile": "/w/home.24/home/vineelchandra99/tsmc180test/github_dir/CDR_tapeout/215D_dac/logs_vineelchandra99/logs0/Job89.log", "simid": "1", "event": "launch", "category": "simulation"}
[2025-05-21 18:20:32.123 -0700] [PROCESS] [cadence.virtuoso.ade.simulationMonitor] - Expression evaluator launched {"hostname": "eeapps01.labidm.seas.ucla.edu", "processid": 3131836, "history": "ExplorerRun.0", "testname": "DAC_ideal_dac_1", "cornername": "Nominal", "point": 1, "logfile": "/w/home.24/home/vineelchandra99/tsmc180test/github_dir/CDR_tapeout/215D_dac/logs_vineelchandra99/logs0/Job89.log"}
[2025-05-21 18:20:32.232 -0700] [PROCESS] [cadence.virtuoso.ade.simulationMonitor] - Started Simulation {"hostname": "eeapps01.labidm.seas.ucla.edu", "processid": 3131836, "history": "ExplorerRun.0", "testname": "DAC_ideal_dac_1", "cornername": "Nominal", "point": 1, "logfile": "/w/home.24/home/vineelchandra99/tsmc180test/github_dir/CDR_tapeout/215D_dac/logs_vineelchandra99/logs0/Job89.log", "event": "start", "category": "simulation"}
[2025-05-21 18:20:33.732 -0700] [INFO] [cadence.virtuoso.ade.simulationMonitor] - Peak resident memory used = 163 Mbytes. {"history": "ExplorerRun.0", "point": 1, "testname": "DAC_ideal_dac_1", "cornername": "Nominal"}
[2025-05-21 18:20:33.732 -0700] [INFO] [cadence.virtuoso.ade.simulationMonitor] - Peak resident memory used = 171 Mbytes. {"history": "ExplorerRun.0", "point": 1, "testname": "DAC_ideal_dac_1", "cornername": "Nominal"}
[2025-05-21 18:20:33.732 -0700] [INFO] [cadence.virtuoso.ade.simulationMonitor] - Notice from spectre during hierarchy flattening.
    The value 'psf' specified for the 'checklimitdest' option will no longer be supported in future releases. Use 'spectre -h' to see other recommended values for the 'checklimitdest' option. {"history": "ExplorerRun.0", "point": 1, "testname": "DAC_ideal_dac_1", "cornername": "Nominal"}
[2025-05-21 18:20:33.732 -0700] [INFO] [cadence.virtuoso.ade.simulationMonitor] - Peak resident memory used = 172 Mbytes. {"history": "ExplorerRun.0", "point": 1, "testname": "DAC_ideal_dac_1", "cornername": "Nominal"}
[2025-05-21 18:20:33.732 -0700] [INFO] [cadence.virtuoso.ade.simulationMonitor] - Notice from spectre during initial setup.
    Multithreading is disabled due to the size of the design being too small. {"history": "ExplorerRun.0", "point": 1, "testname": "DAC_ideal_dac_1", "cornername": "Nominal"}
[2025-05-21 18:20:33.735 -0700] [INFO] [cadence.virtuoso.ade.simulationMonitor] -               nodes 4 {"history": "ExplorerRun.0", "point": 1, "testname": "DAC_ideal_dac_1", "cornername": "Nominal"}
[2025-05-21 18:20:33.735 -0700] [INFO] [cadence.virtuoso.ade.simulationMonitor] - Notice from spectre during initial setup.
    Protected devices exist and are not included in the circuit inventory.
    1 vsources are shorted because their absolute value is less than or equal to 'vabsshort'.
    APS enabled. {"history": "ExplorerRun.0", "point": 1, "testname": "DAC_ideal_dac_1", "cornername": "Nominal"}
[2025-05-21 18:20:33.735 -0700] [INFO] [cadence.virtuoso.ade.simulationMonitor] - Peak resident memory used = 176 Mbytes. {"history": "ExplorerRun.0", "point": 1, "testname": "DAC_ideal_dac_1", "cornername": "Nominal"}
[2025-05-21 18:20:33.736 -0700] [INFO] [cadence.virtuoso.ade.simulationMonitor] -    -   (APS) Multi-threading. The recommended number of threads is 1, consider adding +mt=1 on command line. {"history": "ExplorerRun.0", "point": 1, "testname": "DAC_ideal_dac_1", "cornername": "Nominal"}
[2025-05-21 18:20:33.736 -0700] [INFO] [cadence.virtuoso.ade.simulationMonitor] - Notice from spectre during DC analysis `dcOp'.
    No outputs were found. Loosening output filter criterion to `allpub'. {"history": "ExplorerRun.0", "point": 1, "testname": "DAC_ideal_dac_1", "cornername": "Nominal"}
[2025-05-21 18:20:33.736 -0700] [INFO] [cadence.virtuoso.ade.simulationMonitor] - Total time required for dc analysis `dcOp': CPU = 2.122 ms, elapsed = 4.6308 ms, util. = 45.8%. {"history": "ExplorerRun.0", "point": 1, "testname": "DAC_ideal_dac_1", "cornername": "Nominal"}
[2025-05-21 18:20:33.736 -0700] [INFO] [cadence.virtuoso.ade.simulationMonitor] - Peak resident memory used = 177 Mbytes. {"history": "ExplorerRun.0", "point": 1, "testname": "DAC_ideal_dac_1", "cornername": "Nominal"}
[2025-05-21 18:20:34.237 -0700] [INFO] [cadence.virtuoso.ade.simulationMonitor] - Time used: CPU = 707 ms, elapsed = 1.24 s, util. = 56.9%. {"history": "ExplorerRun.0", "point": 1, "testname": "DAC_ideal_dac_1", "cornername": "Nominal"}
[2025-05-21 18:20:34.237 -0700] [INFO] [cadence.virtuoso.ade.simulationMonitor] - Time spent in licensing: elapsed = 27.9 ms. {"history": "ExplorerRun.0", "point": 1, "testname": "DAC_ideal_dac_1", "cornername": "Nominal"}
[2025-05-21 18:20:34.238 -0700] [INFO] [cadence.virtuoso.ade.simulationMonitor] - Peak memory used = 181 Mbytes. {"history": "ExplorerRun.0", "point": 1, "testname": "DAC_ideal_dac_1", "cornername": "Nominal"}
[2025-05-21 18:20:34.240 -0700] [PROCESS] [cadence.virtuoso.ade.simulationMonitor] - Simulation started at: 6:20:32 PM, Wed May 21, 2025, ended at: 6:20:33 PM, Wed May 21, 2025, with elapsed time (wall clock): 1.24 s. {"history": "ExplorerRun.0", "point": 1, "testname": "DAC_ideal_dac_1", "cornername": "Nominal"}
[2025-05-21 18:20:34.240 -0700] [PROCESS] [cadence.virtuoso.ade.simulationMonitor] - spectre completes with 0 errors, 0 warnings, and 7 notices. {"history": "ExplorerRun.0", "point": 1, "testname": "DAC_ideal_dac_1", "cornername": "Nominal"}
[2025-05-21 18:20:34.240 -0700] [PROCESS] [cadence.virtuoso.ade.simulationMonitor] - Finished simulating for one point {"hostname": "eeapps01.labidm.seas.ucla.edu", "processid": 3131836, "history": "ExplorerRun.0", "testname": "DAC_ideal_dac_1", "cornername": "Nominal", "point": 1, "logfile": "/w/home.24/home/vineelchandra99/tsmc180test/github_dir/CDR_tapeout/215D_dac/logs_vineelchandra99/logs0/Job89.log", "simid": "1", "event": "finish", "category": "simulation"}
[2025-05-21 18:20:34.240 -0700] [PROCESS] [cadence.virtuoso.ade.simulationMonitor] - Simulator exited {"hostname": "eeapps01.labidm.seas.ucla.edu", "processid": 3131836, "history": "ExplorerRun.0", "testname": "DAC_ideal_dac_1", "cornername": "Nominal", "point": 1, "logfile": "/w/home.24/home/vineelchandra99/tsmc180test/github_dir/CDR_tapeout/215D_dac/logs_vineelchandra99/logs0/Job89.log", "exitStatus": "0"}
[2025-05-21 18:20:34.240 -0700] [PROCESS] [cadence.virtuoso.ade.simulationMonitor] - Finished Simulation {"hostname": "eeapps01.labidm.seas.ucla.edu", "processid": 3131836, "history": "ExplorerRun.0", "testname": "DAC_ideal_dac_1", "cornername": "Nominal", "point": 1, "logfile": "/w/home.24/home/vineelchandra99/tsmc180test/github_dir/CDR_tapeout/215D_dac/logs_vineelchandra99/logs0/Job89.log", "simid": "1", "event": "finish", "category": "obsolete"}
[2025-05-21 18:20:40.243 -0700] [PROCESS] [cadence.virtuoso.ade.simulationMonitor] - Point Finished {"hostname": "eeapps01.labidm.seas.ucla.edu", "processid": 3131836, "history": "ExplorerRun.0", "testname": "DAC_ideal_dac_1", "cornername": "Nominal", "point": 1, "logfile": "/w/home.24/home/vineelchandra99/tsmc180test/github_dir/CDR_tapeout/215D_dac/logs_vineelchandra99/logs0/Job89.log", "event": "finish", "category": "sim-eval"}
[2025-05-21 18:21:57.446 -0700] [INFO] [cadence.virtuoso.ade.simulationMonitor] - SimulationMonitor has terminated the vds process '3131909', reason: 'Force to stop the expression evalutor process because of new run' {"history": "ExplorerRun.0", "point": 1, "testname": "DAC_ideal_dac_1", "cornername": "Nominal"}
[2025-05-21 18:21:57.447 -0700] [PROCESS] [cadence.virtuoso.ade.simulationMonitor] - HostInfo:
Host name (type):	eeapps01.labidm.seas.ucla.edu (x86_64)
Operating system:	Linux 4.18.0-553.22.1.el8_10.x86_64 #1 SMP Wed Sep 11 18:02:00 EDT 2024 {"hostname": "eeapps01.labidm.seas.ucla.edu", "processid": 3131836, "history": "ExplorerRun.0", "testname": "DAC_ideal_dac_1", "cornername": "Nominal", "point": 1, "logfile": "/w/home.24/home/vineelchandra99/tsmc180test/github_dir/CDR_tapeout/215D_dac/logs_vineelchandra99/logs0/Job89.log", "nodename": "eeapps01.labidm.seas.ucla.edu", "domainname": "labidm.seas.ucla.edu", "machine": "x86_64", "sysname": "Linux", "release": "4.18.0-553.22.1.el8_10.x86_64", "version": "#1 SMP Wed Sep 11 18:02:00 EDT 2024"}
[2025-05-21 18:21:57.448 -0700] [PROCESS] [cadence.virtuoso.ade.simulationMonitor] - UsageInfo:
pid=3131836
totalPhysicalMemory=62.293663GB,Used=44.388958GB,totalVirtualMemory=70.293659GB,Used=51.531425GB
Cpu: Cores=32, Load average:9.700000,9.290000,8.860000 {"hostname": "eeapps01.labidm.seas.ucla.edu", "processid": 3131836, "history": "ExplorerRun.0", "testname": "DAC_ideal_dac_1", "cornername": "Nominal", "point": 1, "logfile": "/w/home.24/home/vineelchandra99/tsmc180test/github_dir/CDR_tapeout/215D_dac/logs_vineelchandra99/logs0/Job89.log", "pid": "3131836", "totalPhysicalMemory": "62.293663", "physicalMemoryUsed": "44.388958", "totalVirtualMemory": "70.293659", "virtualMemoryUsed": "51.531425", "cpuCores": "32", "processes": "1851", "loadAverage1": "9.700000", "loadAverage5": "9.290000", "loadAverage15": "8.860000", "loadAverage1Percent": "0.303125"}
[2025-05-21 18:21:57.451 -0700] [EVENT] [cadence.virtuoso.ade.simulationMonitor] - NewPoint {"history": "ExplorerRun.0", "point": 1, "testname": "DAC_ideal_dac_1", "cornername": "Nominal", "event": "NewPoint", "EventSource": "Simulation Monitor", "HistoryName": "ExplorerRun.0", "logFile": "/w/home.24/home/vineelchandra99/tsmc180test/github_dir/CDR_tapeout/215D_dac/logs_vineelchandra99/logs0/Job89.log", "logFileSize": "15178", "category": "simulation"}
[2025-05-21 18:21:57.553 -0700] [EVENT] [cadence.virtuoso.ade.simulationMonitor] - NewPoint {"history": "ExplorerRun.0", "point": 1, "testname": "DAC_ideal_dac_1", "cornername": "Nominal", "event": "NewPoint", "EventSource": "spectre", "HistoryName": "ExplorerRun.0", "logFile": "/w/home.24/home/vineelchandra99/simulation/DAC/ideal_dac/maestro/results/maestro/ExplorerRun.0/1/DAC_ideal_dac_1/psf/spectre.out", "logFileSize": "-1", "category": "simulation"}
[2025-05-21 18:21:57.755 -0700] [PROCESS] [cadence.virtuoso.ade.simulationMonitor] - Simulator launched {"hostname": "eeapps01.labidm.seas.ucla.edu", "processid": 3131836, "history": "ExplorerRun.0", "testname": "DAC_ideal_dac_1", "cornername": "Nominal", "point": 1, "logfile": "/w/home.24/home/vineelchandra99/tsmc180test/github_dir/CDR_tapeout/215D_dac/logs_vineelchandra99/logs0/Job89.log", "simid": "2", "event": "launch", "category": "simulation"}
[2025-05-21 18:21:57.757 -0700] [PROCESS] [cadence.virtuoso.ade.simulationMonitor] - Expression evaluator launched {"hostname": "eeapps01.labidm.seas.ucla.edu", "processid": 3131836, "history": "ExplorerRun.0", "testname": "DAC_ideal_dac_1", "cornername": "Nominal", "point": 1, "logfile": "/w/home.24/home/vineelchandra99/tsmc180test/github_dir/CDR_tapeout/215D_dac/logs_vineelchandra99/logs0/Job89.log"}
[2025-05-21 18:21:57.843 -0700] [PROCESS] [cadence.virtuoso.ade.simulationMonitor] - Started Simulation {"hostname": "eeapps01.labidm.seas.ucla.edu", "processid": 3131836, "history": "ExplorerRun.0", "testname": "DAC_ideal_dac_1", "cornername": "Nominal", "point": 1, "logfile": "/w/home.24/home/vineelchandra99/tsmc180test/github_dir/CDR_tapeout/215D_dac/logs_vineelchandra99/logs0/Job89.log", "event": "start", "category": "simulation"}
[2025-05-21 18:22:00.344 -0700] [INFO] [cadence.virtuoso.ade.simulationMonitor] - Peak resident memory used = 175 Mbytes. {"history": "ExplorerRun.0", "point": 1, "testname": "DAC_ideal_dac_1", "cornername": "Nominal"}
[2025-05-21 18:22:00.345 -0700] [INFO] [cadence.virtuoso.ade.simulationMonitor] - Peak resident memory used = 183 Mbytes. {"history": "ExplorerRun.0", "point": 1, "testname": "DAC_ideal_dac_1", "cornername": "Nominal"}
[2025-05-21 18:22:00.345 -0700] [INFO] [cadence.virtuoso.ade.simulationMonitor] - Notice from spectre during hierarchy flattening.
    The value 'psf' specified for the 'checklimitdest' option will no longer be supported in future releases. Use 'spectre -h' to see other recommended values for the 'checklimitdest' option. {"history": "ExplorerRun.0", "point": 1, "testname": "DAC_ideal_dac_1", "cornername": "Nominal"}
[2025-05-21 18:22:00.345 -0700] [INFO] [cadence.virtuoso.ade.simulationMonitor] - Peak resident memory used = 183 Mbytes. {"history": "ExplorerRun.0", "point": 1, "testname": "DAC_ideal_dac_1", "cornername": "Nominal"}
[2025-05-21 18:22:00.345 -0700] [INFO] [cadence.virtuoso.ade.simulationMonitor] - Notice from spectre during initial setup.
    Multithreading is disabled due to the size of the design being too small. {"history": "ExplorerRun.0", "point": 1, "testname": "DAC_ideal_dac_1", "cornername": "Nominal"}
[2025-05-21 18:22:00.348 -0700] [INFO] [cadence.virtuoso.ade.simulationMonitor] -               nodes 4 {"history": "ExplorerRun.0", "point": 1, "testname": "DAC_ideal_dac_1", "cornername": "Nominal"}
[2025-05-21 18:22:00.348 -0700] [INFO] [cadence.virtuoso.ade.simulationMonitor] - Notice from spectre during initial setup.
    Protected devices exist and are not included in the circuit inventory.
    1 vsources are shorted because their absolute value is less than or equal to 'vabsshort'.
    APS enabled. {"history": "ExplorerRun.0", "point": 1, "testname": "DAC_ideal_dac_1", "cornername": "Nominal"}
[2025-05-21 18:22:00.348 -0700] [INFO] [cadence.virtuoso.ade.simulationMonitor] - Peak resident memory used = 187 Mbytes. {"history": "ExplorerRun.0", "point": 1, "testname": "DAC_ideal_dac_1", "cornername": "Nominal"}
[2025-05-21 18:22:00.348 -0700] [INFO] [cadence.virtuoso.ade.simulationMonitor] -    -   (APS) Multi-threading. The recommended number of threads is 1, consider adding +mt=1 on command line. {"history": "ExplorerRun.0", "point": 1, "testname": "DAC_ideal_dac_1", "cornername": "Nominal"}
[2025-05-21 18:22:00.348 -0700] [INFO] [cadence.virtuoso.ade.simulationMonitor] - Notice from spectre during DC analysis `dcOp'.
    No outputs were found. Loosening output filter criterion to `allpub'. {"history": "ExplorerRun.0", "point": 1, "testname": "DAC_ideal_dac_1", "cornername": "Nominal"}
[2025-05-21 18:22:00.348 -0700] [INFO] [cadence.virtuoso.ade.simulationMonitor] - Total time required for dc analysis `dcOp': CPU = 2.007 ms, elapsed = 3.44992 ms, util. = 58.2%. {"history": "ExplorerRun.0", "point": 1, "testname": "DAC_ideal_dac_1", "cornername": "Nominal"}
[2025-05-21 18:22:00.349 -0700] [INFO] [cadence.virtuoso.ade.simulationMonitor] - Peak resident memory used = 189 Mbytes. {"history": "ExplorerRun.0", "point": 1, "testname": "DAC_ideal_dac_1", "cornername": "Nominal"}
[2025-05-21 18:22:00.350 -0700] [INFO] [cadence.virtuoso.ade.simulationMonitor] - Time used: CPU = 702 ms, elapsed = 1.02 s, util. = 69.1%. {"history": "ExplorerRun.0", "point": 1, "testname": "DAC_ideal_dac_1", "cornername": "Nominal"}
[2025-05-21 18:22:00.350 -0700] [INFO] [cadence.virtuoso.ade.simulationMonitor] - Time spent in licensing: elapsed = 27.5 ms. {"history": "ExplorerRun.0", "point": 1, "testname": "DAC_ideal_dac_1", "cornername": "Nominal"}
[2025-05-21 18:22:00.350 -0700] [INFO] [cadence.virtuoso.ade.simulationMonitor] - Peak memory used = 193 Mbytes. {"history": "ExplorerRun.0", "point": 1, "testname": "DAC_ideal_dac_1", "cornername": "Nominal"}
[2025-05-21 18:22:00.351 -0700] [PROCESS] [cadence.virtuoso.ade.simulationMonitor] - Simulation started at: 6:21:58 PM, Wed May 21, 2025, ended at: 6:21:59 PM, Wed May 21, 2025, with elapsed time (wall clock): 1.02 s. {"history": "ExplorerRun.0", "point": 1, "testname": "DAC_ideal_dac_1", "cornername": "Nominal"}
[2025-05-21 18:22:00.352 -0700] [PROCESS] [cadence.virtuoso.ade.simulationMonitor] - spectre completes with 0 errors, 0 warnings, and 7 notices. {"history": "ExplorerRun.0", "point": 1, "testname": "DAC_ideal_dac_1", "cornername": "Nominal"}
[2025-05-21 18:22:00.352 -0700] [PROCESS] [cadence.virtuoso.ade.simulationMonitor] - Finished simulating for one point {"hostname": "eeapps01.labidm.seas.ucla.edu", "processid": 3131836, "history": "ExplorerRun.0", "testname": "DAC_ideal_dac_1", "cornername": "Nominal", "point": 1, "logfile": "/w/home.24/home/vineelchandra99/tsmc180test/github_dir/CDR_tapeout/215D_dac/logs_vineelchandra99/logs0/Job89.log", "simid": "2", "event": "finish", "category": "simulation"}
[2025-05-21 18:22:00.352 -0700] [PROCESS] [cadence.virtuoso.ade.simulationMonitor] - Simulator exited {"hostname": "eeapps01.labidm.seas.ucla.edu", "processid": 3131836, "history": "ExplorerRun.0", "testname": "DAC_ideal_dac_1", "cornername": "Nominal", "point": 1, "logfile": "/w/home.24/home/vineelchandra99/tsmc180test/github_dir/CDR_tapeout/215D_dac/logs_vineelchandra99/logs0/Job89.log", "exitStatus": "0"}
[2025-05-21 18:22:00.352 -0700] [PROCESS] [cadence.virtuoso.ade.simulationMonitor] - Finished Simulation {"hostname": "eeapps01.labidm.seas.ucla.edu", "processid": 3131836, "history": "ExplorerRun.0", "testname": "DAC_ideal_dac_1", "cornername": "Nominal", "point": 1, "logfile": "/w/home.24/home/vineelchandra99/tsmc180test/github_dir/CDR_tapeout/215D_dac/logs_vineelchandra99/logs0/Job89.log", "simid": "2", "event": "finish", "category": "obsolete"}
[2025-05-21 18:22:03.354 -0700] [PROCESS] [cadence.virtuoso.ade.simulationMonitor] - Point Finished {"hostname": "eeapps01.labidm.seas.ucla.edu", "processid": 3131836, "history": "ExplorerRun.0", "testname": "DAC_ideal_dac_1", "cornername": "Nominal", "point": 1, "logfile": "/w/home.24/home/vineelchandra99/tsmc180test/github_dir/CDR_tapeout/215D_dac/logs_vineelchandra99/logs0/Job89.log", "event": "finish", "category": "sim-eval"}
[2025-05-21 18:27:03.702 -0700] [PROCESS] [cadence.virtuoso.ade.simulationMonitor] - Current memory used: 77.6367 MBytes, peak memory used: 80.5469 MBytes {"hostname": "eeapps01.labidm.seas.ucla.edu", "processid": 3131836, "history": "ExplorerRun.0", "testname": "DAC_ideal_dac_1", "cornername": "Nominal", "point": 1, "logfile": "/w/home.24/home/vineelchandra99/tsmc180test/github_dir/CDR_tapeout/215D_dac/logs_vineelchandra99/logs0/Job89.log"}
[2025-05-21 18:27:03.702 -0700] [PROCESS] [cadence.virtuoso.ade.simulationMonitor] - Simulation Monitor process exits. {"hostname": "eeapps01.labidm.seas.ucla.edu", "processid": 3131836, "history": "ExplorerRun.0", "testname": "DAC_ideal_dac_1", "cornername": "Nominal", "point": 1, "logfile": "/w/home.24/home/vineelchandra99/tsmc180test/github_dir/CDR_tapeout/215D_dac/logs_vineelchandra99/logs0/Job89.log"}
