[Simulation Monitor: 90]
[2025-05-21 18:30:02.292 -0700] [PROCESS] [cadence.virtuoso.ade.simulationMonitor] - Started the simulation monitor process {"hostname": "eeapps01.labidm.seas.ucla.edu", "processid": 3156386, "logfile": "/w/home.24/home/vineelchandra99/tsmc180test/github_dir/CDR_tapeout/215D_dac/logs_vineelchandra99/logs0/Job90.log", "simulation monitor command line": "/w/apps4/Cadence/IC231/tools.lnx86/dfII/bin/64bit/spectreMonitor --davinciService DaVinciService_2228889_1747863911 --axlsession fnxSession1 -lscs 000175E1894CBE06FF0966E38F1FFC06BC4D6DEA9A1E9F6ED92177E0DA4BCC37CC3E6BEEC2129F67D0227DAAD24ECD3FC87766E3A12FFC06BC4D0ECDF105821CD46300001E8C -beanhost eeapps01.labidm.seas.ucla.edu -beanport 11512 -beanLogFile /w/home.24/home/vineelchandra99/tsmc180test/github_dir/CDR_tapeout/215D_dac/logs_vineelchandra99/logs0/amps_Job90.log -beanbinlog  --domain 0 --interactive yes --netlistOpt no --useMultiPointEvaluation yes --exprEvalShowJobStderr yes --evalSimParallel no --maxSims 0 --historyName ExplorerRun.0 --historyUUID  --exprEvaluator vds --mcMapping mc1.mapping --checkLogStatusInterval 0 --checkSimulatorLogTimeout 1200 --exprEvalMaxTries 3 --maxNFSSyncWait 60 -adeBrokerAddress eeapps01.labidm.seas.ucla.edu:44077 --fromADE true --virtuosoBinary unset libFlag; virtuoso --guiDisplay localhost:19.0 --globalStatus 60 --evaluateMultiMC yes --evalOnSimFail SkipFailedAnalyses --numRetriesOnError 1 --fenixMode explorer --lingertimeout 300 -ahdlLockTimeout 60 --sdbLib DAC --sdbCell ideal_dac --sdbView maestro --heartBeatFileDir /dev/shm --id 90 --uuid 22680ac9-3072-4ce2-b91f-bfafe48b3105 --log /w/home.24/home/vineelchandra99/tsmc180test/github_dir/CDR_tapeout/215D_dac/logs_vineelchandra99/logs0/Job90.log "}
[2025-05-21 18:30:02.293 -0700] [PROCESS] [cadence.virtuoso.ade.simulationMonitor] - Started the simulation monitor process {"hostname": "eeapps01.labidm.seas.ucla.edu", "processid": 3156386, "logfile": "/w/home.24/home/vineelchandra99/tsmc180test/github_dir/CDR_tapeout/215D_dac/logs_vineelchandra99/logs0/Job90.log", "current directory": "/w/home.24/home/vineelchandra99/tsmc180test/github_dir/CDR_tapeout/215D_dac"}
[2025-05-21 18:30:02.293 -0700] [PROCESS] [cadence.virtuoso.ade.simulationMonitor] - Simulation Monitor has successfully started up. Trying to set up communication channels to other components ... {"hostname": "eeapps01.labidm.seas.ucla.edu", "processid": 3156386, "logfile": "/w/home.24/home/vineelchandra99/tsmc180test/github_dir/CDR_tapeout/215D_dac/logs_vineelchandra99/logs0/Job90.log"}
[2025-05-21 18:30:02.293 -0700] [PROCESS] [cadence.virtuoso.ade.simulationMonitor] - Communication channels have been successfully set up. Start processing events ... {"hostname": "eeapps01.labidm.seas.ucla.edu", "processid": 3156386, "logfile": "/w/home.24/home/vineelchandra99/tsmc180test/github_dir/CDR_tapeout/215D_dac/logs_vineelchandra99/logs0/Job90.log"}
[2025-05-21 18:30:02.293 -0700] [PROCESS] [cadence.virtuoso.ade.simulationMonitor] - Considering to start history {"hostname": "eeapps01.labidm.seas.ucla.edu", "processid": 3156386, "history": "ExplorerRun.0", "logfile": "/w/home.24/home/vineelchandra99/tsmc180test/github_dir/CDR_tapeout/215D_dac/logs_vineelchandra99/logs0/Job90.log"}
[2025-05-21 18:30:02.296 -0700] [PROCESS] [cadence.virtuoso.ade.simulationMonitor] - HostInfo:
Host name (type):	eeapps01.labidm.seas.ucla.edu (x86_64)
Operating system:	Linux 4.18.0-553.22.1.el8_10.x86_64 #1 SMP Wed Sep 11 18:02:00 EDT 2024 {"hostname": "eeapps01.labidm.seas.ucla.edu", "processid": 3156386, "history": "ExplorerRun.0", "logfile": "/w/home.24/home/vineelchandra99/tsmc180test/github_dir/CDR_tapeout/215D_dac/logs_vineelchandra99/logs0/Job90.log", "nodename": "eeapps01.labidm.seas.ucla.edu", "domainname": "labidm.seas.ucla.edu", "machine": "x86_64", "sysname": "Linux", "release": "4.18.0-553.22.1.el8_10.x86_64", "version": "#1 SMP Wed Sep 11 18:02:00 EDT 2024"}
[2025-05-21 18:30:02.296 -0700] [PROCESS] [cadence.virtuoso.ade.simulationMonitor] - UsageInfo:
pid=3156386
totalPhysicalMemory=62.293663GB,Used=44.041599GB,totalVirtualMemory=70.293659GB,Used=51.117905GB
Cpu: Cores=32, Load average:1.760000,3.420000,6.090000 {"hostname": "eeapps01.labidm.seas.ucla.edu", "processid": 3156386, "history": "ExplorerRun.0", "logfile": "/w/home.24/home/vineelchandra99/tsmc180test/github_dir/CDR_tapeout/215D_dac/logs_vineelchandra99/logs0/Job90.log", "pid": "3156386", "totalPhysicalMemory": "62.293663", "physicalMemoryUsed": "44.041599", "totalVirtualMemory": "70.293659", "virtualMemoryUsed": "51.117905", "cpuCores": "32", "processes": "1752", "loadAverage1": "1.760000", "loadAverage5": "3.420000", "loadAverage15": "6.090000", "loadAverage1Percent": "0.055000"}
[2025-05-21 18:30:02.300 -0700] [EVENT] [cadence.virtuoso.ade.simulationMonitor] - NewPoint {"history": "ExplorerRun.0", "point": 1, "testname": "DAC_ideal_dac_1", "cornername": "Nominal", "event": "NewPoint", "EventSource": "Simulation Monitor", "HistoryName": "ExplorerRun.0", "logFile": "/w/home.24/home/vineelchandra99/tsmc180test/github_dir/CDR_tapeout/215D_dac/logs_vineelchandra99/logs0/Job90.log", "logFileSize": "4733", "category": "simulation"}
[2025-05-21 18:30:02.401 -0700] [EVENT] [cadence.virtuoso.ade.simulationMonitor] - NewPoint {"history": "ExplorerRun.0", "point": 1, "testname": "DAC_ideal_dac_1", "cornername": "Nominal", "event": "NewPoint", "EventSource": "spectre", "HistoryName": "ExplorerRun.0", "logFile": "/w/home.24/home/vineelchandra99/simulation/DAC/ideal_dac/maestro/results/maestro/ExplorerRun.0/1/DAC_ideal_dac_1/psf/spectre.out", "logFileSize": "-1", "category": "simulation"}
[2025-05-21 18:30:02.533 -0700] [PROCESS] [cadence.virtuoso.ade.simulationMonitor] - Simulator launched {"hostname": "eeapps01.labidm.seas.ucla.edu", "processid": 3156386, "history": "ExplorerRun.0", "testname": "DAC_ideal_dac_1", "cornername": "Nominal", "point": 1, "logfile": "/w/home.24/home/vineelchandra99/tsmc180test/github_dir/CDR_tapeout/215D_dac/logs_vineelchandra99/logs0/Job90.log", "simid": "1", "event": "launch", "category": "simulation"}
[2025-05-21 18:30:02.536 -0700] [PROCESS] [cadence.virtuoso.ade.simulationMonitor] - Expression evaluator launched {"hostname": "eeapps01.labidm.seas.ucla.edu", "processid": 3156386, "history": "ExplorerRun.0", "testname": "DAC_ideal_dac_1", "cornername": "Nominal", "point": 1, "logfile": "/w/home.24/home/vineelchandra99/tsmc180test/github_dir/CDR_tapeout/215D_dac/logs_vineelchandra99/logs0/Job90.log"}
[2025-05-21 18:30:02.621 -0700] [PROCESS] [cadence.virtuoso.ade.simulationMonitor] - Started Simulation {"hostname": "eeapps01.labidm.seas.ucla.edu", "processid": 3156386, "history": "ExplorerRun.0", "testname": "DAC_ideal_dac_1", "cornername": "Nominal", "point": 1, "logfile": "/w/home.24/home/vineelchandra99/tsmc180test/github_dir/CDR_tapeout/215D_dac/logs_vineelchandra99/logs0/Job90.log", "event": "start", "category": "simulation"}
[2025-05-21 18:30:03.622 -0700] [INFO] [cadence.virtuoso.ade.simulationMonitor] - Peak resident memory used = 177 Mbytes. {"history": "ExplorerRun.0", "point": 1, "testname": "DAC_ideal_dac_1", "cornername": "Nominal"}
[2025-05-21 18:30:03.622 -0700] [INFO] [cadence.virtuoso.ade.simulationMonitor] - Peak resident memory used = 187 Mbytes. {"history": "ExplorerRun.0", "point": 1, "testname": "DAC_ideal_dac_1", "cornername": "Nominal"}
[2025-05-21 18:30:03.622 -0700] [INFO] [cadence.virtuoso.ade.simulationMonitor] - Notice from spectre during hierarchy flattening.
    The value 'psf' specified for the 'checklimitdest' option will no longer be supported in future releases. Use 'spectre -h' to see other recommended values for the 'checklimitdest' option. {"history": "ExplorerRun.0", "point": 1, "testname": "DAC_ideal_dac_1", "cornername": "Nominal"}
[2025-05-21 18:30:03.622 -0700] [INFO] [cadence.virtuoso.ade.simulationMonitor] - Peak resident memory used = 188 Mbytes. {"history": "ExplorerRun.0", "point": 1, "testname": "DAC_ideal_dac_1", "cornername": "Nominal"}
[2025-05-21 18:30:03.622 -0700] [INFO] [cadence.virtuoso.ade.simulationMonitor] - Notice from spectre during initial setup.
    Multithreading is disabled due to the size of the design being too small. {"history": "ExplorerRun.0", "point": 1, "testname": "DAC_ideal_dac_1", "cornername": "Nominal"}
[2025-05-21 18:30:03.625 -0700] [INFO] [cadence.virtuoso.ade.simulationMonitor] -               nodes 6 {"history": "ExplorerRun.0", "point": 1, "testname": "DAC_ideal_dac_1", "cornername": "Nominal"}
[2025-05-21 18:30:03.625 -0700] [INFO] [cadence.virtuoso.ade.simulationMonitor] - Notice from spectre during initial setup.
    Protected devices exist and are not included in the circuit inventory.
    1 vsources are shorted because their absolute value is less than or equal to 'vabsshort'.
    APS enabled. {"history": "ExplorerRun.0", "point": 1, "testname": "DAC_ideal_dac_1", "cornername": "Nominal"}
[2025-05-21 18:30:03.625 -0700] [INFO] [cadence.virtuoso.ade.simulationMonitor] - Peak resident memory used = 192 Mbytes. {"history": "ExplorerRun.0", "point": 1, "testname": "DAC_ideal_dac_1", "cornername": "Nominal"}
[2025-05-21 18:30:03.626 -0700] [INFO] [cadence.virtuoso.ade.simulationMonitor] -    -   (APS) Multi-threading. The recommended number of threads is 1, consider adding +mt=1 on command line. {"history": "ExplorerRun.0", "point": 1, "testname": "DAC_ideal_dac_1", "cornername": "Nominal"}
[2025-05-21 18:30:03.626 -0700] [INFO] [cadence.virtuoso.ade.simulationMonitor] - Notice from spectre during DC analysis `dcOp'.
    No outputs were found. Loosening output filter criterion to `allpub'. {"history": "ExplorerRun.0", "point": 1, "testname": "DAC_ideal_dac_1", "cornername": "Nominal"}
[2025-05-21 18:30:03.626 -0700] [INFO] [cadence.virtuoso.ade.simulationMonitor] - Total time required for dc analysis `dcOp': CPU = 2.179 ms, elapsed = 3.84283 ms, util. = 56.7%. {"history": "ExplorerRun.0", "point": 1, "testname": "DAC_ideal_dac_1", "cornername": "Nominal"}
[2025-05-21 18:30:03.626 -0700] [INFO] [cadence.virtuoso.ade.simulationMonitor] - Peak resident memory used = 194 Mbytes. {"history": "ExplorerRun.0", "point": 1, "testname": "DAC_ideal_dac_1", "cornername": "Nominal"}
[2025-05-21 18:30:03.627 -0700] [INFO] [cadence.virtuoso.ade.simulationMonitor] - Time used: CPU = 656 ms, elapsed = 745 ms, util. = 88%. {"history": "ExplorerRun.0", "point": 1, "testname": "DAC_ideal_dac_1", "cornername": "Nominal"}
[2025-05-21 18:30:03.627 -0700] [INFO] [cadence.virtuoso.ade.simulationMonitor] - Time spent in licensing: elapsed = 26.8 ms. {"history": "ExplorerRun.0", "point": 1, "testname": "DAC_ideal_dac_1", "cornername": "Nominal"}
[2025-05-21 18:30:03.628 -0700] [INFO] [cadence.virtuoso.ade.simulationMonitor] - Peak memory used = 196 Mbytes. {"history": "ExplorerRun.0", "point": 1, "testname": "DAC_ideal_dac_1", "cornername": "Nominal"}
[2025-05-21 18:30:03.630 -0700] [PROCESS] [cadence.virtuoso.ade.simulationMonitor] - Simulation started at: 6:30:02 PM, Wed May 21, 2025, ended at: 6:30:03 PM, Wed May 21, 2025, with elapsed time (wall clock): 745 ms. {"history": "ExplorerRun.0", "point": 1, "testname": "DAC_ideal_dac_1", "cornername": "Nominal"}
[2025-05-21 18:30:03.630 -0700] [PROCESS] [cadence.virtuoso.ade.simulationMonitor] - spectre completes with 0 errors, 0 warnings, and 7 notices. {"history": "ExplorerRun.0", "point": 1, "testname": "DAC_ideal_dac_1", "cornername": "Nominal"}
[2025-05-21 18:30:03.630 -0700] [PROCESS] [cadence.virtuoso.ade.simulationMonitor] - Finished simulating for one point {"hostname": "eeapps01.labidm.seas.ucla.edu", "processid": 3156386, "history": "ExplorerRun.0", "testname": "DAC_ideal_dac_1", "cornername": "Nominal", "point": 1, "logfile": "/w/home.24/home/vineelchandra99/tsmc180test/github_dir/CDR_tapeout/215D_dac/logs_vineelchandra99/logs0/Job90.log", "simid": "1", "event": "finish", "category": "simulation"}
[2025-05-21 18:30:03.630 -0700] [PROCESS] [cadence.virtuoso.ade.simulationMonitor] - Simulator exited {"hostname": "eeapps01.labidm.seas.ucla.edu", "processid": 3156386, "history": "ExplorerRun.0", "testname": "DAC_ideal_dac_1", "cornername": "Nominal", "point": 1, "logfile": "/w/home.24/home/vineelchandra99/tsmc180test/github_dir/CDR_tapeout/215D_dac/logs_vineelchandra99/logs0/Job90.log", "exitStatus": "0"}
[2025-05-21 18:30:03.630 -0700] [PROCESS] [cadence.virtuoso.ade.simulationMonitor] - Finished Simulation {"hostname": "eeapps01.labidm.seas.ucla.edu", "processid": 3156386, "history": "ExplorerRun.0", "testname": "DAC_ideal_dac_1", "cornername": "Nominal", "point": 1, "logfile": "/w/home.24/home/vineelchandra99/tsmc180test/github_dir/CDR_tapeout/215D_dac/logs_vineelchandra99/logs0/Job90.log", "simid": "1", "event": "finish", "category": "obsolete"}
[2025-05-21 18:30:08.133 -0700] [PROCESS] [cadence.virtuoso.ade.simulationMonitor] - Point Finished {"hostname": "eeapps01.labidm.seas.ucla.edu", "processid": 3156386, "history": "ExplorerRun.0", "testname": "DAC_ideal_dac_1", "cornername": "Nominal", "point": 1, "logfile": "/w/home.24/home/vineelchandra99/tsmc180test/github_dir/CDR_tapeout/215D_dac/logs_vineelchandra99/logs0/Job90.log", "event": "finish", "category": "sim-eval"}
[2025-05-21 18:35:08.354 -0700] [PROCESS] [cadence.virtuoso.ade.simulationMonitor] - Current memory used: 80.7969 MBytes, peak memory used: 80.7969 MBytes {"hostname": "eeapps01.labidm.seas.ucla.edu", "processid": 3156386, "history": "ExplorerRun.0", "testname": "DAC_ideal_dac_1", "cornername": "Nominal", "point": 1, "logfile": "/w/home.24/home/vineelchandra99/tsmc180test/github_dir/CDR_tapeout/215D_dac/logs_vineelchandra99/logs0/Job90.log"}
[2025-05-21 18:35:08.354 -0700] [PROCESS] [cadence.virtuoso.ade.simulationMonitor] - Simulation Monitor process exits. {"hostname": "eeapps01.labidm.seas.ucla.edu", "processid": 3156386, "history": "ExplorerRun.0", "testname": "DAC_ideal_dac_1", "cornername": "Nominal", "point": 1, "logfile": "/w/home.24/home/vineelchandra99/tsmc180test/github_dir/CDR_tapeout/215D_dac/logs_vineelchandra99/logs0/Job90.log"}
