[Simulation Monitor: 91]
[2025-05-21 18:38:39.390 -0700] [PROCESS] [cadence.virtuoso.ade.simulationMonitor] - Started the simulation monitor process {"hostname": "eeapps01.labidm.seas.ucla.edu", "processid": 3174977, "logfile": "/w/home.24/home/vineelchandra99/tsmc180test/github_dir/CDR_tapeout/215D_dac/logs_vineelchandra99/logs0/Job91.log", "simulation monitor command line": "/w/apps4/Cadence/IC231/tools.lnx86/dfII/bin/64bit/spectreMonitor --davinciService DaVinciService_2228889_1747863911 --axlsession fnxSession1 -lscs 000175E1894CBE06FF0966E38F1FFC06BC4D6DEA9A1E9F6ED92177E0DA4BCC37CC3E6BEEC2129F67D0227DAAD24ECD3FC87766E3A12FFC06BC4D0ECD0F007C19D46300001E8C -beanhost eeapps01.labidm.seas.ucla.edu -beanport 11512 -beanLogFile /w/home.24/home/vineelchandra99/tsmc180test/github_dir/CDR_tapeout/215D_dac/logs_vineelchandra99/logs0/amps_Job91.log -beanbinlog  --domain 0 --interactive yes --netlistOpt no --useMultiPointEvaluation yes --exprEvalShowJobStderr yes --evalSimParallel no --maxSims 0 --historyName ExplorerRun.0 --historyUUID  --exprEvaluator vds --mcMapping mc1.mapping --checkLogStatusInterval 0 --checkSimulatorLogTimeout 1200 --exprEvalMaxTries 3 --maxNFSSyncWait 60 -adeBrokerAddress eeapps01.labidm.seas.ucla.edu:44077 --fromADE true --virtuosoBinary unset libFlag; virtuoso --guiDisplay localhost:19.0 --globalStatus 60 --evaluateMultiMC yes --evalOnSimFail SkipFailedAnalyses --numRetriesOnError 1 --fenixMode explorer --lingertimeout 300 -ahdlLockTimeout 60 --sdbLib DAC --sdbCell ideal_dac --sdbView maestro --heartBeatFileDir /dev/shm --id 91 --uuid b9c3c91e-30e0-40c6-9b66-be03ede805fc --log /w/home.24/home/vineelchandra99/tsmc180test/github_dir/CDR_tapeout/215D_dac/logs_vineelchandra99/logs0/Job91.log "}
[2025-05-21 18:38:39.390 -0700] [PROCESS] [cadence.virtuoso.ade.simulationMonitor] - Started the simulation monitor process {"hostname": "eeapps01.labidm.seas.ucla.edu", "processid": 3174977, "logfile": "/w/home.24/home/vineelchandra99/tsmc180test/github_dir/CDR_tapeout/215D_dac/logs_vineelchandra99/logs0/Job91.log", "current directory": "/w/home.24/home/vineelchandra99/tsmc180test/github_dir/CDR_tapeout/215D_dac"}
[2025-05-21 18:38:39.391 -0700] [PROCESS] [cadence.virtuoso.ade.simulationMonitor] - Simulation Monitor has successfully started up. Trying to set up communication channels to other components ... {"hostname": "eeapps01.labidm.seas.ucla.edu", "processid": 3174977, "logfile": "/w/home.24/home/vineelchandra99/tsmc180test/github_dir/CDR_tapeout/215D_dac/logs_vineelchandra99/logs0/Job91.log"}
[2025-05-21 18:38:39.391 -0700] [PROCESS] [cadence.virtuoso.ade.simulationMonitor] - Communication channels have been successfully set up. Start processing events ... {"hostname": "eeapps01.labidm.seas.ucla.edu", "processid": 3174977, "logfile": "/w/home.24/home/vineelchandra99/tsmc180test/github_dir/CDR_tapeout/215D_dac/logs_vineelchandra99/logs0/Job91.log"}
[2025-05-21 18:38:39.391 -0700] [PROCESS] [cadence.virtuoso.ade.simulationMonitor] - Considering to start history {"hostname": "eeapps01.labidm.seas.ucla.edu", "processid": 3174977, "history": "ExplorerRun.0", "logfile": "/w/home.24/home/vineelchandra99/tsmc180test/github_dir/CDR_tapeout/215D_dac/logs_vineelchandra99/logs0/Job91.log"}
[2025-05-21 18:38:39.394 -0700] [PROCESS] [cadence.virtuoso.ade.simulationMonitor] - HostInfo:
Host name (type):	eeapps01.labidm.seas.ucla.edu (x86_64)
Operating system:	Linux 4.18.0-553.22.1.el8_10.x86_64 #1 SMP Wed Sep 11 18:02:00 EDT 2024 {"hostname": "eeapps01.labidm.seas.ucla.edu", "processid": 3174977, "history": "ExplorerRun.0", "logfile": "/w/home.24/home/vineelchandra99/tsmc180test/github_dir/CDR_tapeout/215D_dac/logs_vineelchandra99/logs0/Job91.log", "nodename": "eeapps01.labidm.seas.ucla.edu", "domainname": "labidm.seas.ucla.edu", "machine": "x86_64", "sysname": "Linux", "release": "4.18.0-553.22.1.el8_10.x86_64", "version": "#1 SMP Wed Sep 11 18:02:00 EDT 2024"}
[2025-05-21 18:38:39.394 -0700] [PROCESS] [cadence.virtuoso.ade.simulationMonitor] - UsageInfo:
pid=3174977
totalPhysicalMemory=62.293663GB,Used=44.957600GB,totalVirtualMemory=70.293659GB,Used=52.033905GB
Cpu: Cores=32, Load average:1.770000,2.010000,4.240000 {"hostname": "eeapps01.labidm.seas.ucla.edu", "processid": 3174977, "history": "ExplorerRun.0", "logfile": "/w/home.24/home/vineelchandra99/tsmc180test/github_dir/CDR_tapeout/215D_dac/logs_vineelchandra99/logs0/Job91.log", "pid": "3174977", "totalPhysicalMemory": "62.293663", "physicalMemoryUsed": "44.957600", "totalVirtualMemory": "70.293659", "virtualMemoryUsed": "52.033905", "cpuCores": "32", "processes": "1808", "loadAverage1": "1.770000", "loadAverage5": "2.010000", "loadAverage15": "4.240000", "loadAverage1Percent": "0.055313"}
[2025-05-21 18:38:39.400 -0700] [EVENT] [cadence.virtuoso.ade.simulationMonitor] - NewPoint {"history": "ExplorerRun.0", "point": 1, "testname": "DAC_ideal_dac_1", "cornername": "Nominal", "event": "NewPoint", "EventSource": "Simulation Monitor", "HistoryName": "ExplorerRun.0", "logFile": "/w/home.24/home/vineelchandra99/tsmc180test/github_dir/CDR_tapeout/215D_dac/logs_vineelchandra99/logs0/Job91.log", "logFileSize": "4733", "category": "simulation"}
[2025-05-21 18:38:39.501 -0700] [EVENT] [cadence.virtuoso.ade.simulationMonitor] - NewPoint {"history": "ExplorerRun.0", "point": 1, "testname": "DAC_ideal_dac_1", "cornername": "Nominal", "event": "NewPoint", "EventSource": "spectre", "HistoryName": "ExplorerRun.0", "logFile": "/w/home.24/home/vineelchandra99/simulation/DAC/ideal_dac/maestro/results/maestro/ExplorerRun.0/1/DAC_ideal_dac_1/psf/spectre.out", "logFileSize": "-1", "category": "simulation"}
[2025-05-21 18:38:39.627 -0700] [PROCESS] [cadence.virtuoso.ade.simulationMonitor] - Simulator launched {"hostname": "eeapps01.labidm.seas.ucla.edu", "processid": 3174977, "history": "ExplorerRun.0", "testname": "DAC_ideal_dac_1", "cornername": "Nominal", "point": 1, "logfile": "/w/home.24/home/vineelchandra99/tsmc180test/github_dir/CDR_tapeout/215D_dac/logs_vineelchandra99/logs0/Job91.log", "simid": "1", "event": "launch", "category": "simulation"}
[2025-05-21 18:38:39.630 -0700] [PROCESS] [cadence.virtuoso.ade.simulationMonitor] - Expression evaluator launched {"hostname": "eeapps01.labidm.seas.ucla.edu", "processid": 3174977, "history": "ExplorerRun.0", "testname": "DAC_ideal_dac_1", "cornername": "Nominal", "point": 1, "logfile": "/w/home.24/home/vineelchandra99/tsmc180test/github_dir/CDR_tapeout/215D_dac/logs_vineelchandra99/logs0/Job91.log"}
[2025-05-21 18:38:39.712 -0700] [PROCESS] [cadence.virtuoso.ade.simulationMonitor] - Started Simulation {"hostname": "eeapps01.labidm.seas.ucla.edu", "processid": 3174977, "history": "ExplorerRun.0", "testname": "DAC_ideal_dac_1", "cornername": "Nominal", "point": 1, "logfile": "/w/home.24/home/vineelchandra99/tsmc180test/github_dir/CDR_tapeout/215D_dac/logs_vineelchandra99/logs0/Job91.log", "event": "start", "category": "simulation"}
[2025-05-21 18:38:40.713 -0700] [INFO] [cadence.virtuoso.ade.simulationMonitor] - Peak resident memory used = 179 Mbytes. {"history": "ExplorerRun.0", "point": 1, "testname": "DAC_ideal_dac_1", "cornername": "Nominal"}
[2025-05-21 18:38:40.713 -0700] [INFO] [cadence.virtuoso.ade.simulationMonitor] - Peak resident memory used = 187 Mbytes. {"history": "ExplorerRun.0", "point": 1, "testname": "DAC_ideal_dac_1", "cornername": "Nominal"}
[2025-05-21 18:38:40.713 -0700] [INFO] [cadence.virtuoso.ade.simulationMonitor] - Notice from spectre during hierarchy flattening.
    The value 'psf' specified for the 'checklimitdest' option will no longer be supported in future releases. Use 'spectre -h' to see other recommended values for the 'checklimitdest' option. {"history": "ExplorerRun.0", "point": 1, "testname": "DAC_ideal_dac_1", "cornername": "Nominal"}
[2025-05-21 18:38:40.713 -0700] [INFO] [cadence.virtuoso.ade.simulationMonitor] - Peak resident memory used = 188 Mbytes. {"history": "ExplorerRun.0", "point": 1, "testname": "DAC_ideal_dac_1", "cornername": "Nominal"}
[2025-05-21 18:38:40.713 -0700] [INFO] [cadence.virtuoso.ade.simulationMonitor] - Notice from spectre during initial setup.
    Multithreading is disabled due to the size of the design being too small. {"history": "ExplorerRun.0", "point": 1, "testname": "DAC_ideal_dac_1", "cornername": "Nominal"}
[2025-05-21 18:38:40.716 -0700] [INFO] [cadence.virtuoso.ade.simulationMonitor] -               nodes 6 {"history": "ExplorerRun.0", "point": 1, "testname": "DAC_ideal_dac_1", "cornername": "Nominal"}
[2025-05-21 18:38:40.716 -0700] [INFO] [cadence.virtuoso.ade.simulationMonitor] - Notice from spectre during initial setup.
    Protected devices exist and are not included in the circuit inventory.
    1 vsources are shorted because their absolute value is less than or equal to 'vabsshort'.
    APS enabled. {"history": "ExplorerRun.0", "point": 1, "testname": "DAC_ideal_dac_1", "cornername": "Nominal"}
[2025-05-21 18:38:40.716 -0700] [INFO] [cadence.virtuoso.ade.simulationMonitor] - Peak resident memory used = 192 Mbytes. {"history": "ExplorerRun.0", "point": 1, "testname": "DAC_ideal_dac_1", "cornername": "Nominal"}
[2025-05-21 18:38:40.716 -0700] [INFO] [cadence.virtuoso.ade.simulationMonitor] -    -   (APS) Multi-threading. The recommended number of threads is 1, consider adding +mt=1 on command line. {"history": "ExplorerRun.0", "point": 1, "testname": "DAC_ideal_dac_1", "cornername": "Nominal"}
[2025-05-21 18:38:40.717 -0700] [INFO] [cadence.virtuoso.ade.simulationMonitor] - Notice from spectre during DC analysis `dcOp'.
    No outputs were found. Loosening output filter criterion to `allpub'. {"history": "ExplorerRun.0", "point": 1, "testname": "DAC_ideal_dac_1", "cornername": "Nominal"}
[2025-05-21 18:38:40.717 -0700] [INFO] [cadence.virtuoso.ade.simulationMonitor] - Total time required for dc analysis `dcOp': CPU = 2.235 ms, elapsed = 20.5328 ms, util. = 10.9%. {"history": "ExplorerRun.0", "point": 1, "testname": "DAC_ideal_dac_1", "cornername": "Nominal"}
[2025-05-21 18:38:40.717 -0700] [INFO] [cadence.virtuoso.ade.simulationMonitor] - Peak resident memory used = 194 Mbytes. {"history": "ExplorerRun.0", "point": 1, "testname": "DAC_ideal_dac_1", "cornername": "Nominal"}
[2025-05-21 18:38:40.718 -0700] [INFO] [cadence.virtuoso.ade.simulationMonitor] - Time used: CPU = 662 ms, elapsed = 768 ms, util. = 86.2%. {"history": "ExplorerRun.0", "point": 1, "testname": "DAC_ideal_dac_1", "cornername": "Nominal"}
[2025-05-21 18:38:40.718 -0700] [INFO] [cadence.virtuoso.ade.simulationMonitor] - Time spent in licensing: elapsed = 25.7 ms. {"history": "ExplorerRun.0", "point": 1, "testname": "DAC_ideal_dac_1", "cornername": "Nominal"}
[2025-05-21 18:38:40.718 -0700] [INFO] [cadence.virtuoso.ade.simulationMonitor] - Peak memory used = 197 Mbytes. {"history": "ExplorerRun.0", "point": 1, "testname": "DAC_ideal_dac_1", "cornername": "Nominal"}
[2025-05-21 18:38:40.720 -0700] [PROCESS] [cadence.virtuoso.ade.simulationMonitor] - Simulation started at: 6:38:39 PM, Wed May 21, 2025, ended at: 6:38:40 PM, Wed May 21, 2025, with elapsed time (wall clock): 768 ms. {"history": "ExplorerRun.0", "point": 1, "testname": "DAC_ideal_dac_1", "cornername": "Nominal"}
[2025-05-21 18:38:40.720 -0700] [PROCESS] [cadence.virtuoso.ade.simulationMonitor] - spectre completes with 0 errors, 0 warnings, and 7 notices. {"history": "ExplorerRun.0", "point": 1, "testname": "DAC_ideal_dac_1", "cornername": "Nominal"}
[2025-05-21 18:38:40.720 -0700] [PROCESS] [cadence.virtuoso.ade.simulationMonitor] - Finished simulating for one point {"hostname": "eeapps01.labidm.seas.ucla.edu", "processid": 3174977, "history": "ExplorerRun.0", "testname": "DAC_ideal_dac_1", "cornername": "Nominal", "point": 1, "logfile": "/w/home.24/home/vineelchandra99/tsmc180test/github_dir/CDR_tapeout/215D_dac/logs_vineelchandra99/logs0/Job91.log", "simid": "1", "event": "finish", "category": "simulation"}
[2025-05-21 18:38:40.720 -0700] [PROCESS] [cadence.virtuoso.ade.simulationMonitor] - Simulator exited {"hostname": "eeapps01.labidm.seas.ucla.edu", "processid": 3174977, "history": "ExplorerRun.0", "testname": "DAC_ideal_dac_1", "cornername": "Nominal", "point": 1, "logfile": "/w/home.24/home/vineelchandra99/tsmc180test/github_dir/CDR_tapeout/215D_dac/logs_vineelchandra99/logs0/Job91.log", "exitStatus": "0"}
[2025-05-21 18:38:40.720 -0700] [PROCESS] [cadence.virtuoso.ade.simulationMonitor] - Finished Simulation {"hostname": "eeapps01.labidm.seas.ucla.edu", "processid": 3174977, "history": "ExplorerRun.0", "testname": "DAC_ideal_dac_1", "cornername": "Nominal", "point": 1, "logfile": "/w/home.24/home/vineelchandra99/tsmc180test/github_dir/CDR_tapeout/215D_dac/logs_vineelchandra99/logs0/Job91.log", "simid": "1", "event": "finish", "category": "obsolete"}
[2025-05-21 18:38:44.723 -0700] [PROCESS] [cadence.virtuoso.ade.simulationMonitor] - Point Finished {"hostname": "eeapps01.labidm.seas.ucla.edu", "processid": 3174977, "history": "ExplorerRun.0", "testname": "DAC_ideal_dac_1", "cornername": "Nominal", "point": 1, "logfile": "/w/home.24/home/vineelchandra99/tsmc180test/github_dir/CDR_tapeout/215D_dac/logs_vineelchandra99/logs0/Job91.log", "event": "finish", "category": "sim-eval"}
[2025-05-21 18:42:26.645 -0700] [INFO] [cadence.virtuoso.ade.simulationMonitor] - SimulationMonitor has terminated the vds process '3175041', reason: 'Force to stop the expression evalutor process because of new run' {"history": "ExplorerRun.0", "point": 1, "testname": "DAC_ideal_dac_1", "cornername": "Nominal"}
[2025-05-21 18:42:26.646 -0700] [PROCESS] [cadence.virtuoso.ade.simulationMonitor] - HostInfo:
Host name (type):	eeapps01.labidm.seas.ucla.edu (x86_64)
Operating system:	Linux 4.18.0-553.22.1.el8_10.x86_64 #1 SMP Wed Sep 11 18:02:00 EDT 2024 {"hostname": "eeapps01.labidm.seas.ucla.edu", "processid": 3174977, "history": "ExplorerRun.0", "testname": "DAC_ideal_dac_1", "cornername": "Nominal", "point": 1, "logfile": "/w/home.24/home/vineelchandra99/tsmc180test/github_dir/CDR_tapeout/215D_dac/logs_vineelchandra99/logs0/Job91.log", "nodename": "eeapps01.labidm.seas.ucla.edu", "domainname": "labidm.seas.ucla.edu", "machine": "x86_64", "sysname": "Linux", "release": "4.18.0-553.22.1.el8_10.x86_64", "version": "#1 SMP Wed Sep 11 18:02:00 EDT 2024"}
[2025-05-21 18:42:26.646 -0700] [PROCESS] [cadence.virtuoso.ade.simulationMonitor] - UsageInfo:
pid=3174977
totalPhysicalMemory=62.293663GB,Used=44.295788GB,totalVirtualMemory=70.293659GB,Used=51.371849GB
Cpu: Cores=32, Load average:2.100000,2.210000,3.830000 {"hostname": "eeapps01.labidm.seas.ucla.edu", "processid": 3174977, "history": "ExplorerRun.0", "testname": "DAC_ideal_dac_1", "cornername": "Nominal", "point": 1, "logfile": "/w/home.24/home/vineelchandra99/tsmc180test/github_dir/CDR_tapeout/215D_dac/logs_vineelchandra99/logs0/Job91.log", "pid": "3174977", "totalPhysicalMemory": "62.293663", "physicalMemoryUsed": "44.295788", "totalVirtualMemory": "70.293659", "virtualMemoryUsed": "51.371849", "cpuCores": "32", "processes": "1738", "loadAverage1": "2.100000", "loadAverage5": "2.210000", "loadAverage15": "3.830000", "loadAverage1Percent": "0.065625"}
[2025-05-21 18:42:26.651 -0700] [EVENT] [cadence.virtuoso.ade.simulationMonitor] - NewPoint {"history": "ExplorerRun.0", "point": 1, "testname": "DAC_ideal_dac_1", "cornername": "Nominal", "event": "NewPoint", "EventSource": "Simulation Monitor", "HistoryName": "ExplorerRun.0", "logFile": "/w/home.24/home/vineelchandra99/tsmc180test/github_dir/CDR_tapeout/215D_dac/logs_vineelchandra99/logs0/Job91.log", "logFileSize": "15159", "category": "simulation"}
[2025-05-21 18:42:26.753 -0700] [EVENT] [cadence.virtuoso.ade.simulationMonitor] - NewPoint {"history": "ExplorerRun.0", "point": 1, "testname": "DAC_ideal_dac_1", "cornername": "Nominal", "event": "NewPoint", "EventSource": "spectre", "HistoryName": "ExplorerRun.0", "logFile": "/w/home.24/home/vineelchandra99/simulation/DAC/ideal_dac/maestro/results/maestro/ExplorerRun.0/1/DAC_ideal_dac_1/psf/spectre.out", "logFileSize": "-1", "category": "simulation"}
[2025-05-21 18:42:26.881 -0700] [PROCESS] [cadence.virtuoso.ade.simulationMonitor] - Simulator launched {"hostname": "eeapps01.labidm.seas.ucla.edu", "processid": 3174977, "history": "ExplorerRun.0", "testname": "DAC_ideal_dac_1", "cornername": "Nominal", "point": 1, "logfile": "/w/home.24/home/vineelchandra99/tsmc180test/github_dir/CDR_tapeout/215D_dac/logs_vineelchandra99/logs0/Job91.log", "simid": "2", "event": "launch", "category": "simulation"}
[2025-05-21 18:42:26.884 -0700] [PROCESS] [cadence.virtuoso.ade.simulationMonitor] - Expression evaluator launched {"hostname": "eeapps01.labidm.seas.ucla.edu", "processid": 3174977, "history": "ExplorerRun.0", "testname": "DAC_ideal_dac_1", "cornername": "Nominal", "point": 1, "logfile": "/w/home.24/home/vineelchandra99/tsmc180test/github_dir/CDR_tapeout/215D_dac/logs_vineelchandra99/logs0/Job91.log"}
[2025-05-21 18:42:26.966 -0700] [PROCESS] [cadence.virtuoso.ade.simulationMonitor] - Started Simulation {"hostname": "eeapps01.labidm.seas.ucla.edu", "processid": 3174977, "history": "ExplorerRun.0", "testname": "DAC_ideal_dac_1", "cornername": "Nominal", "point": 1, "logfile": "/w/home.24/home/vineelchandra99/tsmc180test/github_dir/CDR_tapeout/215D_dac/logs_vineelchandra99/logs0/Job91.log", "event": "start", "category": "simulation"}
[2025-05-21 18:42:27.966 -0700] [INFO] [cadence.virtuoso.ade.simulationMonitor] - Peak resident memory used = 183 Mbytes. {"history": "ExplorerRun.0", "point": 1, "testname": "DAC_ideal_dac_1", "cornername": "Nominal"}
[2025-05-21 18:42:27.966 -0700] [INFO] [cadence.virtuoso.ade.simulationMonitor] - Peak resident memory used = 191 Mbytes. {"history": "ExplorerRun.0", "point": 1, "testname": "DAC_ideal_dac_1", "cornername": "Nominal"}
[2025-05-21 18:42:27.966 -0700] [INFO] [cadence.virtuoso.ade.simulationMonitor] - Notice from spectre during hierarchy flattening.
    The value 'psf' specified for the 'checklimitdest' option will no longer be supported in future releases. Use 'spectre -h' to see other recommended values for the 'checklimitdest' option. {"history": "ExplorerRun.0", "point": 1, "testname": "DAC_ideal_dac_1", "cornername": "Nominal"}
[2025-05-21 18:42:27.967 -0700] [INFO] [cadence.virtuoso.ade.simulationMonitor] - Peak resident memory used = 192 Mbytes. {"history": "ExplorerRun.0", "point": 1, "testname": "DAC_ideal_dac_1", "cornername": "Nominal"}
[2025-05-21 18:42:27.967 -0700] [INFO] [cadence.virtuoso.ade.simulationMonitor] - Notice from spectre during initial setup.
    Multithreading is disabled due to the size of the design being too small. {"history": "ExplorerRun.0", "point": 1, "testname": "DAC_ideal_dac_1", "cornername": "Nominal"}
[2025-05-21 18:42:27.970 -0700] [INFO] [cadence.virtuoso.ade.simulationMonitor] -               nodes 6 {"history": "ExplorerRun.0", "point": 1, "testname": "DAC_ideal_dac_1", "cornername": "Nominal"}
[2025-05-21 18:42:27.970 -0700] [INFO] [cadence.virtuoso.ade.simulationMonitor] - Notice from spectre during initial setup.
    Protected devices exist and are not included in the circuit inventory.
    1 vsources are shorted because their absolute value is less than or equal to 'vabsshort'.
    APS enabled. {"history": "ExplorerRun.0", "point": 1, "testname": "DAC_ideal_dac_1", "cornername": "Nominal"}
[2025-05-21 18:42:27.970 -0700] [INFO] [cadence.virtuoso.ade.simulationMonitor] - Peak resident memory used = 196 Mbytes. {"history": "ExplorerRun.0", "point": 1, "testname": "DAC_ideal_dac_1", "cornername": "Nominal"}
[2025-05-21 18:42:27.970 -0700] [INFO] [cadence.virtuoso.ade.simulationMonitor] -    -   (APS) Multi-threading. The recommended number of threads is 1, consider adding +mt=1 on command line. {"history": "ExplorerRun.0", "point": 1, "testname": "DAC_ideal_dac_1", "cornername": "Nominal"}
[2025-05-21 18:42:27.970 -0700] [INFO] [cadence.virtuoso.ade.simulationMonitor] - Notice from spectre during DC analysis `dcOp'.
    No outputs were found. Loosening output filter criterion to `allpub'. {"history": "ExplorerRun.0", "point": 1, "testname": "DAC_ideal_dac_1", "cornername": "Nominal"}
[2025-05-21 18:42:27.970 -0700] [INFO] [cadence.virtuoso.ade.simulationMonitor] - Total time required for dc analysis `dcOp': CPU = 1.872 ms, elapsed = 3.78013 ms, util. = 49.5%. {"history": "ExplorerRun.0", "point": 1, "testname": "DAC_ideal_dac_1", "cornername": "Nominal"}
[2025-05-21 18:42:27.970 -0700] [INFO] [cadence.virtuoso.ade.simulationMonitor] - Peak resident memory used = 197 Mbytes. {"history": "ExplorerRun.0", "point": 1, "testname": "DAC_ideal_dac_1", "cornername": "Nominal"}
[2025-05-21 18:42:27.971 -0700] [INFO] [cadence.virtuoso.ade.simulationMonitor] - Time used: CPU = 637 ms, elapsed = 726 ms, util. = 87.6%. {"history": "ExplorerRun.0", "point": 1, "testname": "DAC_ideal_dac_1", "cornername": "Nominal"}
[2025-05-21 18:42:27.971 -0700] [INFO] [cadence.virtuoso.ade.simulationMonitor] - Time spent in licensing: elapsed = 26.3 ms. {"history": "ExplorerRun.0", "point": 1, "testname": "DAC_ideal_dac_1", "cornername": "Nominal"}
[2025-05-21 18:42:27.972 -0700] [INFO] [cadence.virtuoso.ade.simulationMonitor] - Peak memory used = 201 Mbytes. {"history": "ExplorerRun.0", "point": 1, "testname": "DAC_ideal_dac_1", "cornername": "Nominal"}
[2025-05-21 18:42:27.974 -0700] [PROCESS] [cadence.virtuoso.ade.simulationMonitor] - Simulation started at: 6:42:27 PM, Wed May 21, 2025, ended at: 6:42:27 PM, Wed May 21, 2025, with elapsed time (wall clock): 726 ms. {"history": "ExplorerRun.0", "point": 1, "testname": "DAC_ideal_dac_1", "cornername": "Nominal"}
[2025-05-21 18:42:27.974 -0700] [PROCESS] [cadence.virtuoso.ade.simulationMonitor] - spectre completes with 0 errors, 0 warnings, and 7 notices. {"history": "ExplorerRun.0", "point": 1, "testname": "DAC_ideal_dac_1", "cornername": "Nominal"}
[2025-05-21 18:42:27.974 -0700] [PROCESS] [cadence.virtuoso.ade.simulationMonitor] - Finished simulating for one point {"hostname": "eeapps01.labidm.seas.ucla.edu", "processid": 3174977, "history": "ExplorerRun.0", "testname": "DAC_ideal_dac_1", "cornername": "Nominal", "point": 1, "logfile": "/w/home.24/home/vineelchandra99/tsmc180test/github_dir/CDR_tapeout/215D_dac/logs_vineelchandra99/logs0/Job91.log", "simid": "2", "event": "finish", "category": "simulation"}
[2025-05-21 18:42:27.974 -0700] [PROCESS] [cadence.virtuoso.ade.simulationMonitor] - Simulator exited {"hostname": "eeapps01.labidm.seas.ucla.edu", "processid": 3174977, "history": "ExplorerRun.0", "testname": "DAC_ideal_dac_1", "cornername": "Nominal", "point": 1, "logfile": "/w/home.24/home/vineelchandra99/tsmc180test/github_dir/CDR_tapeout/215D_dac/logs_vineelchandra99/logs0/Job91.log", "exitStatus": "0"}
[2025-05-21 18:42:27.974 -0700] [PROCESS] [cadence.virtuoso.ade.simulationMonitor] - Finished Simulation {"hostname": "eeapps01.labidm.seas.ucla.edu", "processid": 3174977, "history": "ExplorerRun.0", "testname": "DAC_ideal_dac_1", "cornername": "Nominal", "point": 1, "logfile": "/w/home.24/home/vineelchandra99/tsmc180test/github_dir/CDR_tapeout/215D_dac/logs_vineelchandra99/logs0/Job91.log", "simid": "2", "event": "finish", "category": "obsolete"}
[2025-05-21 18:42:32.477 -0700] [PROCESS] [cadence.virtuoso.ade.simulationMonitor] - Point Finished {"hostname": "eeapps01.labidm.seas.ucla.edu", "processid": 3174977, "history": "ExplorerRun.0", "testname": "DAC_ideal_dac_1", "cornername": "Nominal", "point": 1, "logfile": "/w/home.24/home/vineelchandra99/tsmc180test/github_dir/CDR_tapeout/215D_dac/logs_vineelchandra99/logs0/Job91.log", "event": "finish", "category": "sim-eval"}
[2025-05-21 18:44:11.563 -0700] [INFO] [cadence.virtuoso.ade.simulationMonitor] - SimulationMonitor has terminated the vds process '3187981', reason: 'Force to stop the expression evalutor process because of new run' {"history": "ExplorerRun.0", "point": 1, "testname": "DAC_ideal_dac_1", "cornername": "Nominal"}
[2025-05-21 18:44:11.564 -0700] [PROCESS] [cadence.virtuoso.ade.simulationMonitor] - HostInfo:
Host name (type):	eeapps01.labidm.seas.ucla.edu (x86_64)
Operating system:	Linux 4.18.0-553.22.1.el8_10.x86_64 #1 SMP Wed Sep 11 18:02:00 EDT 2024 {"hostname": "eeapps01.labidm.seas.ucla.edu", "processid": 3174977, "history": "ExplorerRun.0", "testname": "DAC_ideal_dac_1", "cornername": "Nominal", "point": 1, "logfile": "/w/home.24/home/vineelchandra99/tsmc180test/github_dir/CDR_tapeout/215D_dac/logs_vineelchandra99/logs0/Job91.log", "nodename": "eeapps01.labidm.seas.ucla.edu", "domainname": "labidm.seas.ucla.edu", "machine": "x86_64", "sysname": "Linux", "release": "4.18.0-553.22.1.el8_10.x86_64", "version": "#1 SMP Wed Sep 11 18:02:00 EDT 2024"}
[2025-05-21 18:44:11.564 -0700] [PROCESS] [cadence.virtuoso.ade.simulationMonitor] - UsageInfo:
pid=3174977
totalPhysicalMemory=62.293663GB,Used=44.543438GB,totalVirtualMemory=70.293659GB,Used=51.619499GB
Cpu: Cores=32, Load average:1.890000,2.070000,3.610000 {"hostname": "eeapps01.labidm.seas.ucla.edu", "processid": 3174977, "history": "ExplorerRun.0", "testname": "DAC_ideal_dac_1", "cornername": "Nominal", "point": 1, "logfile": "/w/home.24/home/vineelchandra99/tsmc180test/github_dir/CDR_tapeout/215D_dac/logs_vineelchandra99/logs0/Job91.log", "pid": "3174977", "totalPhysicalMemory": "62.293663", "physicalMemoryUsed": "44.543438", "totalVirtualMemory": "70.293659", "virtualMemoryUsed": "51.619499", "cpuCores": "32", "processes": "1741", "loadAverage1": "1.890000", "loadAverage5": "2.070000", "loadAverage15": "3.610000", "loadAverage1Percent": "0.059062"}
[2025-05-21 18:44:11.568 -0700] [EVENT] [cadence.virtuoso.ade.simulationMonitor] - NewPoint {"history": "ExplorerRun.0", "point": 1, "testname": "DAC_ideal_dac_1", "cornername": "Nominal", "event": "NewPoint", "EventSource": "Simulation Monitor", "HistoryName": "ExplorerRun.0", "logFile": "/w/home.24/home/vineelchandra99/tsmc180test/github_dir/CDR_tapeout/215D_dac/logs_vineelchandra99/logs0/Job91.log", "logFileSize": "25586", "category": "simulation"}
[2025-05-21 18:44:11.670 -0700] [EVENT] [cadence.virtuoso.ade.simulationMonitor] - NewPoint {"history": "ExplorerRun.0", "point": 1, "testname": "DAC_ideal_dac_1", "cornername": "Nominal", "event": "NewPoint", "EventSource": "spectre", "HistoryName": "ExplorerRun.0", "logFile": "/w/home.24/home/vineelchandra99/simulation/DAC/ideal_dac/maestro/results/maestro/ExplorerRun.0/1/DAC_ideal_dac_1/psf/spectre.out", "logFileSize": "-1", "category": "simulation"}
[2025-05-21 18:44:11.796 -0700] [PROCESS] [cadence.virtuoso.ade.simulationMonitor] - Simulator launched {"hostname": "eeapps01.labidm.seas.ucla.edu", "processid": 3174977, "history": "ExplorerRun.0", "testname": "DAC_ideal_dac_1", "cornername": "Nominal", "point": 1, "logfile": "/w/home.24/home/vineelchandra99/tsmc180test/github_dir/CDR_tapeout/215D_dac/logs_vineelchandra99/logs0/Job91.log", "simid": "3", "event": "launch", "category": "simulation"}
[2025-05-21 18:44:11.799 -0700] [PROCESS] [cadence.virtuoso.ade.simulationMonitor] - Expression evaluator launched {"hostname": "eeapps01.labidm.seas.ucla.edu", "processid": 3174977, "history": "ExplorerRun.0", "testname": "DAC_ideal_dac_1", "cornername": "Nominal", "point": 1, "logfile": "/w/home.24/home/vineelchandra99/tsmc180test/github_dir/CDR_tapeout/215D_dac/logs_vineelchandra99/logs0/Job91.log"}
[2025-05-21 18:44:11.881 -0700] [PROCESS] [cadence.virtuoso.ade.simulationMonitor] - Started Simulation {"hostname": "eeapps01.labidm.seas.ucla.edu", "processid": 3174977, "history": "ExplorerRun.0", "testname": "DAC_ideal_dac_1", "cornername": "Nominal", "point": 1, "logfile": "/w/home.24/home/vineelchandra99/tsmc180test/github_dir/CDR_tapeout/215D_dac/logs_vineelchandra99/logs0/Job91.log", "event": "start", "category": "simulation"}
[2025-05-21 18:44:12.881 -0700] [INFO] [cadence.virtuoso.ade.simulationMonitor] - Peak resident memory used = 173 Mbytes. {"history": "ExplorerRun.0", "point": 1, "testname": "DAC_ideal_dac_1", "cornername": "Nominal"}
[2025-05-21 18:44:12.881 -0700] [INFO] [cadence.virtuoso.ade.simulationMonitor] - Peak resident memory used = 183 Mbytes. {"history": "ExplorerRun.0", "point": 1, "testname": "DAC_ideal_dac_1", "cornername": "Nominal"}
[2025-05-21 18:44:12.881 -0700] [INFO] [cadence.virtuoso.ade.simulationMonitor] - Notice from spectre during hierarchy flattening.
    The value 'psf' specified for the 'checklimitdest' option will no longer be supported in future releases. Use 'spectre -h' to see other recommended values for the 'checklimitdest' option. {"history": "ExplorerRun.0", "point": 1, "testname": "DAC_ideal_dac_1", "cornername": "Nominal"}
[2025-05-21 18:44:12.881 -0700] [INFO] [cadence.virtuoso.ade.simulationMonitor] - Peak resident memory used = 184 Mbytes. {"history": "ExplorerRun.0", "point": 1, "testname": "DAC_ideal_dac_1", "cornername": "Nominal"}
[2025-05-21 18:44:12.881 -0700] [INFO] [cadence.virtuoso.ade.simulationMonitor] - Notice from spectre during initial setup.
    Multithreading is disabled due to the size of the design being too small. {"history": "ExplorerRun.0", "point": 1, "testname": "DAC_ideal_dac_1", "cornername": "Nominal"}
[2025-05-21 18:44:12.884 -0700] [INFO] [cadence.virtuoso.ade.simulationMonitor] -               nodes 6 {"history": "ExplorerRun.0", "point": 1, "testname": "DAC_ideal_dac_1", "cornername": "Nominal"}
[2025-05-21 18:44:12.884 -0700] [INFO] [cadence.virtuoso.ade.simulationMonitor] - Notice from spectre during initial setup.
    Protected devices exist and are not included in the circuit inventory.
    1 vsources are shorted because their absolute value is less than or equal to 'vabsshort'.
    APS enabled. {"history": "ExplorerRun.0", "point": 1, "testname": "DAC_ideal_dac_1", "cornername": "Nominal"}
[2025-05-21 18:44:12.884 -0700] [INFO] [cadence.virtuoso.ade.simulationMonitor] - Peak resident memory used = 187 Mbytes. {"history": "ExplorerRun.0", "point": 1, "testname": "DAC_ideal_dac_1", "cornername": "Nominal"}
[2025-05-21 18:44:12.885 -0700] [INFO] [cadence.virtuoso.ade.simulationMonitor] -    -   (APS) Multi-threading. The recommended number of threads is 1, consider adding +mt=1 on command line. {"history": "ExplorerRun.0", "point": 1, "testname": "DAC_ideal_dac_1", "cornername": "Nominal"}
[2025-05-21 18:44:12.885 -0700] [INFO] [cadence.virtuoso.ade.simulationMonitor] - Notice from spectre during DC analysis `dcOp'.
    No outputs were found. Loosening output filter criterion to `allpub'. {"history": "ExplorerRun.0", "point": 1, "testname": "DAC_ideal_dac_1", "cornername": "Nominal"}
[2025-05-21 18:44:13.385 -0700] [INFO] [cadence.virtuoso.ade.simulationMonitor] - Total time required for dc analysis `dcOp': CPU = 1.87 ms, elapsed = 3.29995 ms, util. = 56.7%. {"history": "ExplorerRun.0", "point": 1, "testname": "DAC_ideal_dac_1", "cornername": "Nominal"}
[2025-05-21 18:44:13.385 -0700] [INFO] [cadence.virtuoso.ade.simulationMonitor] - Peak resident memory used = 189 Mbytes. {"history": "ExplorerRun.0", "point": 1, "testname": "DAC_ideal_dac_1", "cornername": "Nominal"}
[2025-05-21 18:44:13.386 -0700] [INFO] [cadence.virtuoso.ade.simulationMonitor] - Time used: CPU = 661 ms, elapsed = 848 ms, util. = 78%. {"history": "ExplorerRun.0", "point": 1, "testname": "DAC_ideal_dac_1", "cornername": "Nominal"}
[2025-05-21 18:44:13.386 -0700] [INFO] [cadence.virtuoso.ade.simulationMonitor] - Time spent in licensing: elapsed = 227 ms, percentage of total = 26.8%. {"history": "ExplorerRun.0", "point": 1, "testname": "DAC_ideal_dac_1", "cornername": "Nominal"}
[2025-05-21 18:44:13.387 -0700] [INFO] [cadence.virtuoso.ade.simulationMonitor] - Peak memory used = 192 Mbytes. {"history": "ExplorerRun.0", "point": 1, "testname": "DAC_ideal_dac_1", "cornername": "Nominal"}
[2025-05-21 18:44:13.388 -0700] [PROCESS] [cadence.virtuoso.ade.simulationMonitor] - Simulation started at: 6:44:11 PM, Wed May 21, 2025, ended at: 6:44:12 PM, Wed May 21, 2025, with elapsed time (wall clock): 848 ms. {"history": "ExplorerRun.0", "point": 1, "testname": "DAC_ideal_dac_1", "cornername": "Nominal"}
[2025-05-21 18:44:13.388 -0700] [PROCESS] [cadence.virtuoso.ade.simulationMonitor] - spectre completes with 0 errors, 0 warnings, and 7 notices. {"history": "ExplorerRun.0", "point": 1, "testname": "DAC_ideal_dac_1", "cornername": "Nominal"}
[2025-05-21 18:44:13.388 -0700] [PROCESS] [cadence.virtuoso.ade.simulationMonitor] - Finished simulating for one point {"hostname": "eeapps01.labidm.seas.ucla.edu", "processid": 3174977, "history": "ExplorerRun.0", "testname": "DAC_ideal_dac_1", "cornername": "Nominal", "point": 1, "logfile": "/w/home.24/home/vineelchandra99/tsmc180test/github_dir/CDR_tapeout/215D_dac/logs_vineelchandra99/logs0/Job91.log", "simid": "3", "event": "finish", "category": "simulation"}
[2025-05-21 18:44:13.388 -0700] [PROCESS] [cadence.virtuoso.ade.simulationMonitor] - Simulator exited {"hostname": "eeapps01.labidm.seas.ucla.edu", "processid": 3174977, "history": "ExplorerRun.0", "testname": "DAC_ideal_dac_1", "cornername": "Nominal", "point": 1, "logfile": "/w/home.24/home/vineelchandra99/tsmc180test/github_dir/CDR_tapeout/215D_dac/logs_vineelchandra99/logs0/Job91.log", "exitStatus": "0"}
[2025-05-21 18:44:13.388 -0700] [PROCESS] [cadence.virtuoso.ade.simulationMonitor] - Finished Simulation {"hostname": "eeapps01.labidm.seas.ucla.edu", "processid": 3174977, "history": "ExplorerRun.0", "testname": "DAC_ideal_dac_1", "cornername": "Nominal", "point": 1, "logfile": "/w/home.24/home/vineelchandra99/tsmc180test/github_dir/CDR_tapeout/215D_dac/logs_vineelchandra99/logs0/Job91.log", "simid": "3", "event": "finish", "category": "obsolete"}
[2025-05-21 18:44:17.391 -0700] [PROCESS] [cadence.virtuoso.ade.simulationMonitor] - Point Finished {"hostname": "eeapps01.labidm.seas.ucla.edu", "processid": 3174977, "history": "ExplorerRun.0", "testname": "DAC_ideal_dac_1", "cornername": "Nominal", "point": 1, "logfile": "/w/home.24/home/vineelchandra99/tsmc180test/github_dir/CDR_tapeout/215D_dac/logs_vineelchandra99/logs0/Job91.log", "event": "finish", "category": "sim-eval"}
[2025-05-21 18:49:17.598 -0700] [PROCESS] [cadence.virtuoso.ade.simulationMonitor] - Current memory used: 82.9805 MBytes, peak memory used: 82.9805 MBytes {"hostname": "eeapps01.labidm.seas.ucla.edu", "processid": 3174977, "history": "ExplorerRun.0", "testname": "DAC_ideal_dac_1", "cornername": "Nominal", "point": 1, "logfile": "/w/home.24/home/vineelchandra99/tsmc180test/github_dir/CDR_tapeout/215D_dac/logs_vineelchandra99/logs0/Job91.log"}
[2025-05-21 18:49:17.598 -0700] [PROCESS] [cadence.virtuoso.ade.simulationMonitor] - Simulation Monitor process exits. {"hostname": "eeapps01.labidm.seas.ucla.edu", "processid": 3174977, "history": "ExplorerRun.0", "testname": "DAC_ideal_dac_1", "cornername": "Nominal", "point": 1, "logfile": "/w/home.24/home/vineelchandra99/tsmc180test/github_dir/CDR_tapeout/215D_dac/logs_vineelchandra99/logs0/Job91.log"}
